
*** Running vivado
    with args -log design_1_ilmb_bram_if_cntlr_1.vds -m64 -product Vivado -mode batch -messageDb vivado.pb -notrace -source design_1_ilmb_bram_if_cntlr_1.tcl


****** Vivado v2017.2 (64-bit)
  **** SW Build 1909853 on Thu Jun 15 18:39:09 MDT 2017
  **** IP Build 1909766 on Thu Jun 15 19:58:00 MDT 2017
    ** Copyright 1986-2017 Xilinx, Inc. All Rights Reserved.

source design_1_ilmb_bram_if_cntlr_1.tcl -notrace
Starting RTL Elaboration : Time (s): cpu = 00:00:03 ; elapsed = 00:00:03 . Memory (MB): peak = 390.563 ; gain = 79.777
INFO: [Synth 8-638] synthesizing module 'design_1_ilmb_bram_if_cntlr_1' [c:/ece532/nexys3_ise_gpio_uart/auto_parking/auto_parking.srcs/sources_1/bd/design_1/ip/design_1_ilmb_bram_if_cntlr_1/synth/design_1_ilmb_bram_if_cntlr_1.vhd:84]
INFO: [Synth 8-638] synthesizing module 'lmb_bram_if_cntlr' [c:/ece532/nexys3_ise_gpio_uart/auto_parking/auto_parking.srcs/sources_1/bd/design_1/ipshared/51e1/hdl/lmb_bram_if_cntlr_v4_0_vh_rfs.vhd:3106]
INFO: [Synth 8-638] synthesizing module 'lmb_mux' [c:/ece532/nexys3_ise_gpio_uart/auto_parking/auto_parking.srcs/sources_1/bd/design_1/ipshared/51e1/hdl/lmb_bram_if_cntlr_v4_0_vh_rfs.vhd:2601]
INFO: [Synth 8-638] synthesizing module 'pselect_mask' [c:/ece532/nexys3_ise_gpio_uart/auto_parking/auto_parking.srcs/sources_1/bd/design_1/ipshared/51e1/hdl/lmb_bram_if_cntlr_v4_0_vh_rfs.vhd:2121]
INFO: [Synth 8-256] done synthesizing module 'pselect_mask' (1#1) [c:/ece532/nexys3_ise_gpio_uart/auto_parking/auto_parking.srcs/sources_1/bd/design_1/ipshared/51e1/hdl/lmb_bram_if_cntlr_v4_0_vh_rfs.vhd:2121]
INFO: [Synth 8-256] done synthesizing module 'lmb_mux' (2#1) [c:/ece532/nexys3_ise_gpio_uart/auto_parking/auto_parking.srcs/sources_1/bd/design_1/ipshared/51e1/hdl/lmb_bram_if_cntlr_v4_0_vh_rfs.vhd:2601]
INFO: [Synth 8-256] done synthesizing module 'lmb_bram_if_cntlr' (3#1) [c:/ece532/nexys3_ise_gpio_uart/auto_parking/auto_parking.srcs/sources_1/bd/design_1/ipshared/51e1/hdl/lmb_bram_if_cntlr_v4_0_vh_rfs.vhd:3106]
INFO: [Synth 8-256] done synthesizing module 'design_1_ilmb_bram_if_cntlr_1' (4#1) [c:/ece532/nexys3_ise_gpio_uart/auto_parking/auto_parking.srcs/sources_1/bd/design_1/ip/design_1_ilmb_bram_if_cntlr_1/synth/design_1_ilmb_bram_if_cntlr_1.vhd:84]
Finished RTL Elaboration : Time (s): cpu = 00:00:03 ; elapsed = 00:00:04 . Memory (MB): peak = 431.645 ; gain = 120.859
Finished RTL Optimization Phase 1 : Time (s): cpu = 00:00:03 ; elapsed = 00:00:04 . Memory (MB): peak = 431.645 ; gain = 120.859
INFO: [Device 21-403] Loading part xc7a100tcsg324-1
Constraint Validation Runtime : Time (s): cpu = 00:00:00 ; elapsed = 00:00:00.014 . Memory (MB): peak = 687.891 ; gain = 0.000
Finished Constraint Validation : Time (s): cpu = 00:00:11 ; elapsed = 00:00:11 . Memory (MB): peak = 687.891 ; gain = 377.105
Finished Loading Part and Timing Information : Time (s): cpu = 00:00:11 ; elapsed = 00:00:11 . Memory (MB): peak = 687.891 ; gain = 377.105
Finished applying 'set_property' XDC Constraints : Time (s): cpu = 00:00:11 ; elapsed = 00:00:11 . Memory (MB): peak = 687.891 ; gain = 377.105
Finished RTL Optimization Phase 2 : Time (s): cpu = 00:00:11 ; elapsed = 00:00:12 . Memory (MB): peak = 687.891 ; gain = 377.105
Finished Cross Boundary and Area Optimization : Time (s): cpu = 00:00:11 ; elapsed = 00:00:12 . Memory (MB): peak = 687.891 ; gain = 377.105
Finished Applying XDC Timing Constraints : Time (s): cpu = 00:00:20 ; elapsed = 00:00:21 . Memory (MB): peak = 695.355 ; gain = 384.570
Finished Timing Optimization : Time (s): cpu = 00:00:20 ; elapsed = 00:00:21 . Memory (MB): peak = 695.355 ; gain = 384.570
Finished Technology Mapping : Time (s): cpu = 00:00:20 ; elapsed = 00:00:21 . Memory (MB): peak = 715.641 ; gain = 404.855
Finished IO Insertion : Time (s): cpu = 00:00:21 ; elapsed = 00:00:21 . Memory (MB): peak = 715.641 ; gain = 404.855
Finished Renaming Generated Instances : Time (s): cpu = 00:00:21 ; elapsed = 00:00:21 . Memory (MB): peak = 715.641 ; gain = 404.855
Finished Rebuilding User Hierarchy : Time (s): cpu = 00:00:21 ; elapsed = 00:00:21 . Memory (MB): peak = 715.641 ; gain = 404.855
Finished Renaming Generated Ports : Time (s): cpu = 00:00:21 ; elapsed = 00:00:21 . Memory (MB): peak = 715.641 ; gain = 404.855
Finished Handling Custom Attributes : Time (s): cpu = 00:00:21 ; elapsed = 00:00:21 . Memory (MB): peak = 715.641 ; gain = 404.855
Finished Renaming Generated Nets : Time (s): cpu = 00:00:21 ; elapsed = 00:00:21 . Memory (MB): peak = 715.641 ; gain = 404.855

Report Cell Usage: 
+------+-----+------+
|      |Cell |Count |
+------+-----+------+
|1     |LUT2 |     3|
|2     |LUT3 |     4|
|3     |FDRE |     2|
+------+-----+------+
Finished Writing Synthesis Report : Time (s): cpu = 00:00:21 ; elapsed = 00:00:21 . Memory (MB): peak = 715.641 ; gain = 404.855
synth_design: Time (s): cpu = 00:00:21 ; elapsed = 00:00:23 . Memory (MB): peak = 720.059 ; gain = 412.902
