
*** Running vivado
    with args -log design_1_microblaze_0_xlconcat_0.vds -m64 -product Vivado -mode batch -messageDb vivado.pb -notrace -source design_1_microblaze_0_xlconcat_0.tcl


****** Vivado v2017.2 (64-bit)
  **** SW Build 1909853 on Thu Jun 15 18:39:09 MDT 2017
  **** IP Build 1909766 on Thu Jun 15 19:58:00 MDT 2017
    ** Copyright 1986-2017 Xilinx, Inc. All Rights Reserved.

source design_1_microblaze_0_xlconcat_0.tcl -notrace
Starting RTL Elaboration : Time (s): cpu = 00:00:02 ; elapsed = 00:00:03 . Memory (MB): peak = 388.887 ; gain = 79.918
INFO: [Synth 8-638] synthesizing module 'design_1_microblaze_0_xlconcat_0' [c:/ece532/nexys3_ise_gpio_uart/auto_parking/auto_parking.srcs/sources_1/bd/design_1/ip/design_1_microblaze_0_xlconcat_0/synth/design_1_microblaze_0_xlconcat_0.v:58]
INFO: [Synth 8-638] synthesizing module 'xlconcat_v2_1_1_xlconcat' [c:/ece532/nexys3_ise_gpio_uart/auto_parking/auto_parking.srcs/sources_1/bd/design_1/ipshared/73b7/hdl/xlconcat_v2_1_vl_rfs.v:14]
INFO: [Synth 8-256] done synthesizing module 'xlconcat_v2_1_1_xlconcat' (1#1) [c:/ece532/nexys3_ise_gpio_uart/auto_parking/auto_parking.srcs/sources_1/bd/design_1/ipshared/73b7/hdl/xlconcat_v2_1_vl_rfs.v:14]
INFO: [Synth 8-256] done synthesizing module 'design_1_microblaze_0_xlconcat_0' (2#1) [c:/ece532/nexys3_ise_gpio_uart/auto_parking/auto_parking.srcs/sources_1/bd/design_1/ip/design_1_microblaze_0_xlconcat_0/synth/design_1_microblaze_0_xlconcat_0.v:58]
Finished RTL Elaboration : Time (s): cpu = 00:00:03 ; elapsed = 00:00:03 . Memory (MB): peak = 429.219 ; gain = 120.250
Finished RTL Optimization Phase 1 : Time (s): cpu = 00:00:03 ; elapsed = 00:00:03 . Memory (MB): peak = 429.219 ; gain = 120.250
INFO: [Device 21-403] Loading part xc7a100tcsg324-1
Constraint Validation Runtime : Time (s): cpu = 00:00:00 ; elapsed = 00:00:00.012 . Memory (MB): peak = 633.738 ; gain = 0.000
Finished Constraint Validation : Time (s): cpu = 00:00:10 ; elapsed = 00:00:11 . Memory (MB): peak = 633.738 ; gain = 324.770
Finished Loading Part and Timing Information : Time (s): cpu = 00:00:10 ; elapsed = 00:00:11 . Memory (MB): peak = 633.738 ; gain = 324.770
Finished applying 'set_property' XDC Constraints : Time (s): cpu = 00:00:10 ; elapsed = 00:00:11 . Memory (MB): peak = 633.738 ; gain = 324.770
Finished RTL Optimization Phase 2 : Time (s): cpu = 00:00:10 ; elapsed = 00:00:11 . Memory (MB): peak = 633.738 ; gain = 324.770
Finished Cross Boundary and Area Optimization : Time (s): cpu = 00:00:10 ; elapsed = 00:00:11 . Memory (MB): peak = 633.738 ; gain = 324.770
Finished Applying XDC Timing Constraints : Time (s): cpu = 00:00:19 ; elapsed = 00:00:20 . Memory (MB): peak = 672.320 ; gain = 363.352
Finished Timing Optimization : Time (s): cpu = 00:00:19 ; elapsed = 00:00:20 . Memory (MB): peak = 672.320 ; gain = 363.352
Finished Technology Mapping : Time (s): cpu = 00:00:19 ; elapsed = 00:00:20 . Memory (MB): peak = 682.465 ; gain = 373.496
Finished IO Insertion : Time (s): cpu = 00:00:20 ; elapsed = 00:00:21 . Memory (MB): peak = 682.465 ; gain = 373.496
Finished Renaming Generated Instances : Time (s): cpu = 00:00:20 ; elapsed = 00:00:21 . Memory (MB): peak = 682.465 ; gain = 373.496
Finished Rebuilding User Hierarchy : Time (s): cpu = 00:00:20 ; elapsed = 00:00:21 . Memory (MB): peak = 682.465 ; gain = 373.496
Finished Renaming Generated Ports : Time (s): cpu = 00:00:20 ; elapsed = 00:00:21 . Memory (MB): peak = 682.465 ; gain = 373.496
Finished Handling Custom Attributes : Time (s): cpu = 00:00:20 ; elapsed = 00:00:21 . Memory (MB): peak = 682.465 ; gain = 373.496
Finished Renaming Generated Nets : Time (s): cpu = 00:00:20 ; elapsed = 00:00:21 . Memory (MB): peak = 682.465 ; gain = 373.496

Report Cell Usage: 
+-+-----+------+
| |Cell |Count |
+-+-----+------+
+-+-----+------+
Finished Writing Synthesis Report : Time (s): cpu = 00:00:20 ; elapsed = 00:00:21 . Memory (MB): peak = 682.465 ; gain = 373.496
synth_design: Time (s): cpu = 00:00:22 ; elapsed = 00:00:22 . Memory (MB): peak = 694.984 ; gain = 387.641
