
*** Running vivado
    with args -log design_1_PmodDHB1_0_1.vds -m64 -product Vivado -mode batch -messageDb vivado.pb -notrace -source design_1_PmodDHB1_0_1.tcl


****** Vivado v2017.2 (64-bit)
  **** SW Build 1909853 on Thu Jun 15 18:39:09 MDT 2017
  **** IP Build 1909766 on Thu Jun 15 19:58:00 MDT 2017
    ** Copyright 1986-2017 Xilinx, Inc. All Rights Reserved.

source design_1_PmodDHB1_0_1.tcl -notrace
Command: synth_design -top design_1_PmodDHB1_0_1 -part xc7a100tcsg324-1 -mode out_of_context
Starting synth_design
Attempting to get a license for feature 'Synthesis' and/or device 'xc7a100t-csg324'
INFO: [Common 17-349] Got license for feature 'Synthesis' and/or device 'xc7a100t-csg324'
INFO: Launching helper process for spawning children vivado processes
INFO: Helper process launched with PID 13464 
---------------------------------------------------------------------------------
Starting RTL Elaboration : Time (s): cpu = 00:00:03 ; elapsed = 00:00:03 . Memory (MB): peak = 401.871 ; gain = 81.145
---------------------------------------------------------------------------------
INFO: [Synth 8-638] synthesizing module 'design_1_PmodDHB1_0_1' [c:/ece532/nexys3_ise_gpio_uart/auto_parking/auto_parking.srcs/sources_1/bd/design_1/ip/design_1_PmodDHB1_0_1/synth/design_1_PmodDHB1_0_1.v:56]
INFO: [Synth 8-638] synthesizing module 'PmodDHB1' [c:/ece532/nexys3_ise_gpio_uart/auto_parking/auto_parking.srcs/sources_1/bd/design_1/ipshared/e0ae/src/PmodDHB1.v:13]
INFO: [Synth 8-638] synthesizing module 'PmodDHB1_MotorFeedback_0_0' [c:/ece532/nexys3_ise_gpio_uart/auto_parking/auto_parking.srcs/sources_1/bd/design_1/ip/design_1_PmodDHB1_0_1/src/PmodDHB1_MotorFeedback_0_0/synth/PmodDHB1_MotorFeedback_0_0.v:56]
INFO: [Synth 8-638] synthesizing module 'MotorFeedback_v1_0' [c:/ece532/nexys3_ise_gpio_uart/auto_parking/auto_parking.srcs/sources_1/bd/design_1/ip/design_1_PmodDHB1_0_1/ipshared/88e6/hdl/MotorFeedback_v1_0.v:4]
	Parameter C_S00_AXI_DATA_WIDTH bound to: 32 - type: integer 
	Parameter C_S00_AXI_ADDR_WIDTH bound to: 5 - type: integer 
INFO: [Synth 8-638] synthesizing module 'MotorFeedback_v1_0_S00_AXI' [c:/ece532/nexys3_ise_gpio_uart/auto_parking/auto_parking.srcs/sources_1/bd/design_1/ip/design_1_PmodDHB1_0_1/ipshared/88e6/hdl/MotorFeedback_v1_0_S00_AXI.v:4]
	Parameter C_S_AXI_DATA_WIDTH bound to: 32 - type: integer 
	Parameter C_S_AXI_ADDR_WIDTH bound to: 5 - type: integer 
	Parameter ADDR_LSB bound to: 2 - type: integer 
	Parameter OPT_MEM_ADDR_BITS bound to: 2 - type: integer 
INFO: [Synth 8-638] synthesizing module 'posManager' [c:/ece532/nexys3_ise_gpio_uart/auto_parking/auto_parking.srcs/sources_1/bd/design_1/ip/design_1_PmodDHB1_0_1/ipshared/88e6/hdl/posManager.v:3]
INFO: [Synth 8-638] synthesizing module 'posCounter' [c:/ece532/nexys3_ise_gpio_uart/auto_parking/auto_parking.srcs/sources_1/bd/design_1/ip/design_1_PmodDHB1_0_1/ipshared/88e6/hdl/posCounter.v:3]
INFO: [Synth 8-256] done synthesizing module 'posCounter' (1#1) [c:/ece532/nexys3_ise_gpio_uart/auto_parking/auto_parking.srcs/sources_1/bd/design_1/ip/design_1_PmodDHB1_0_1/ipshared/88e6/hdl/posCounter.v:3]
INFO: [Synth 8-256] done synthesizing module 'posManager' (2#1) [c:/ece532/nexys3_ise_gpio_uart/auto_parking/auto_parking.srcs/sources_1/bd/design_1/ip/design_1_PmodDHB1_0_1/ipshared/88e6/hdl/posManager.v:3]
WARNING: [Synth 8-6014] Unused sequential element byte_index was removed.  [c:/ece532/nexys3_ise_gpio_uart/auto_parking/auto_parking.srcs/sources_1/bd/design_1/ip/design_1_PmodDHB1_0_1/ipshared/88e6/hdl/MotorFeedback_v1_0_S00_AXI.v:215]
INFO: [Synth 8-256] done synthesizing module 'MotorFeedback_v1_0_S00_AXI' (3#1) [c:/ece532/nexys3_ise_gpio_uart/auto_parking/auto_parking.srcs/sources_1/bd/design_1/ip/design_1_PmodDHB1_0_1/ipshared/88e6/hdl/MotorFeedback_v1_0_S00_AXI.v:4]
INFO: [Synth 8-256] done synthesizing module 'MotorFeedback_v1_0' (4#1) [c:/ece532/nexys3_ise_gpio_uart/auto_parking/auto_parking.srcs/sources_1/bd/design_1/ip/design_1_PmodDHB1_0_1/ipshared/88e6/hdl/MotorFeedback_v1_0.v:4]
INFO: [Synth 8-256] done synthesizing module 'PmodDHB1_MotorFeedback_0_0' (5#1) [c:/ece532/nexys3_ise_gpio_uart/auto_parking/auto_parking.srcs/sources_1/bd/design_1/ip/design_1_PmodDHB1_0_1/src/PmodDHB1_MotorFeedback_0_0/synth/PmodDHB1_MotorFeedback_0_0.v:56]
INFO: [Synth 8-638] synthesizing module 'PmodDHB1_PWM_0_0' [c:/ece532/nexys3_ise_gpio_uart/auto_parking/auto_parking.srcs/sources_1/bd/design_1/ip/design_1_PmodDHB1_0_1/src/PmodDHB1_PWM_0_0/synth/PmodDHB1_PWM_0_0.sv:56]
INFO: [Synth 8-638] synthesizing module 'PWM_v2_0' [c:/ece532/nexys3_ise_gpio_uart/auto_parking/auto_parking.srcs/sources_1/bd/design_1/ip/design_1_PmodDHB1_0_1/ipshared/a485/hdl/PWM_v2_0.sv:4]
	Parameter NUM_PWM bound to: 2 - type: integer 
	Parameter POLARITY bound to: 1'b1 
	Parameter C_PWM_AXI_DATA_WIDTH bound to: 32 - type: integer 
	Parameter C_PWM_AXI_ADDR_WIDTH bound to: 7 - type: integer 
INFO: [Synth 8-638] synthesizing module 'PWM_AXI' [c:/ece532/nexys3_ise_gpio_uart/auto_parking/auto_parking.srcs/sources_1/bd/design_1/ip/design_1_PmodDHB1_0_1/ipshared/a485/hdl/PWM_AXI.sv:4]
	Parameter NUM_PWM bound to: 2 - type: integer 
	Parameter C_S_AXI_DATA_WIDTH bound to: 32 - type: integer 
	Parameter C_S_AXI_ADDR_WIDTH bound to: 7 - type: integer 
	Parameter ADDR_LSB bound to: 2 - type: integer 
	Parameter OPT_MEM_ADDR_BITS bound to: 4 - type: integer 
WARNING: [Synth 8-6014] Unused sequential element byte_index was removed.  [c:/ece532/nexys3_ise_gpio_uart/auto_parking/auto_parking.srcs/sources_1/bd/design_1/ip/design_1_PmodDHB1_0_1/ipshared/a485/hdl/PWM_AXI.sv:231]
WARNING: [Synth 8-6014] Unused sequential element pwm_i was removed.  [c:/ece532/nexys3_ise_gpio_uart/auto_parking/auto_parking.srcs/sources_1/bd/design_1/ip/design_1_PmodDHB1_0_1/ipshared/a485/hdl/PWM_AXI.sv:387]
INFO: [Synth 8-256] done synthesizing module 'PWM_AXI' (6#1) [c:/ece532/nexys3_ise_gpio_uart/auto_parking/auto_parking.srcs/sources_1/bd/design_1/ip/design_1_PmodDHB1_0_1/ipshared/a485/hdl/PWM_AXI.sv:4]
INFO: [Synth 8-256] done synthesizing module 'PWM_v2_0' (7#1) [c:/ece532/nexys3_ise_gpio_uart/auto_parking/auto_parking.srcs/sources_1/bd/design_1/ip/design_1_PmodDHB1_0_1/ipshared/a485/hdl/PWM_v2_0.sv:4]
INFO: [Synth 8-256] done synthesizing module 'PmodDHB1_PWM_0_0' (8#1) [c:/ece532/nexys3_ise_gpio_uart/auto_parking/auto_parking.srcs/sources_1/bd/design_1/ip/design_1_PmodDHB1_0_1/src/PmodDHB1_PWM_0_0/synth/PmodDHB1_PWM_0_0.sv:56]
INFO: [Synth 8-638] synthesizing module 'PmodDHB1_axi_gpio_0_0' [c:/ece532/nexys3_ise_gpio_uart/auto_parking/auto_parking.srcs/sources_1/bd/design_1/ip/design_1_PmodDHB1_0_1/src/PmodDHB1_axi_gpio_0_0/synth/PmodDHB1_axi_gpio_0_0.vhd:85]
	Parameter C_FAMILY bound to: artix7 - type: string 
	Parameter C_S_AXI_ADDR_WIDTH bound to: 9 - type: integer 
	Parameter C_S_AXI_DATA_WIDTH bound to: 32 - type: integer 
	Parameter C_GPIO_WIDTH bound to: 1 - type: integer 
	Parameter C_GPIO2_WIDTH bound to: 1 - type: integer 
	Parameter C_ALL_INPUTS bound to: 0 - type: integer 
	Parameter C_ALL_INPUTS_2 bound to: 0 - type: integer 
	Parameter C_ALL_OUTPUTS bound to: 1 - type: integer 
	Parameter C_ALL_OUTPUTS_2 bound to: 1 - type: integer 
	Parameter C_INTERRUPT_PRESENT bound to: 0 - type: integer 
	Parameter C_DOUT_DEFAULT bound to: 32'b00000000000000000000000000000000 
	Parameter C_TRI_DEFAULT bound to: 32'b11111111111111111111111111111111 
	Parameter C_IS_DUAL bound to: 1 - type: integer 
	Parameter C_DOUT_DEFAULT_2 bound to: 32'b00000000000000000000000000000000 
	Parameter C_TRI_DEFAULT_2 bound to: 32'b11111111111111111111111111111111 
INFO: [Synth 8-3491] module 'axi_gpio' declared at 'c:/ece532/nexys3_ise_gpio_uart/auto_parking/auto_parking.srcs/sources_1/bd/design_1/ip/design_1_PmodDHB1_0_1/ipshared/cb07/hdl/axi_gpio_v2_0_vh_rfs.vhd:1164' bound to instance 'U0' of component 'axi_gpio' [c:/ece532/nexys3_ise_gpio_uart/auto_parking/auto_parking.srcs/sources_1/bd/design_1/ip/design_1_PmodDHB1_0_1/src/PmodDHB1_axi_gpio_0_0/synth/PmodDHB1_axi_gpio_0_0.vhd:164]
INFO: [Synth 8-638] synthesizing module 'axi_gpio' [c:/ece532/nexys3_ise_gpio_uart/auto_parking/auto_parking.srcs/sources_1/bd/design_1/ip/design_1_PmodDHB1_0_1/ipshared/cb07/hdl/axi_gpio_v2_0_vh_rfs.vhd:1257]
	Parameter C_FAMILY bound to: artix7 - type: string 
	Parameter C_S_AXI_ADDR_WIDTH bound to: 9 - type: integer 
	Parameter C_S_AXI_DATA_WIDTH bound to: 32 - type: integer 
	Parameter C_GPIO_WIDTH bound to: 1 - type: integer 
	Parameter C_GPIO2_WIDTH bound to: 1 - type: integer 
	Parameter C_ALL_INPUTS bound to: 0 - type: integer 
	Parameter C_ALL_INPUTS_2 bound to: 0 - type: integer 
	Parameter C_ALL_OUTPUTS bound to: 1 - type: integer 
	Parameter C_ALL_OUTPUTS_2 bound to: 1 - type: integer 
	Parameter C_INTERRUPT_PRESENT bound to: 0 - type: integer 
	Parameter C_DOUT_DEFAULT bound to: 0 - type: integer 
	Parameter C_TRI_DEFAULT bound to: -1 - type: integer 
	Parameter C_IS_DUAL bound to: 1 - type: integer 
	Parameter C_DOUT_DEFAULT_2 bound to: 0 - type: integer 
	Parameter C_TRI_DEFAULT_2 bound to: -1 - type: integer 
INFO: [Synth 8-5534] Detected attribute (* max_fanout = "10000" *) [c:/ece532/nexys3_ise_gpio_uart/auto_parking/auto_parking.srcs/sources_1/bd/design_1/ip/design_1_PmodDHB1_0_1/ipshared/cb07/hdl/axi_gpio_v2_0_vh_rfs.vhd:1194]
INFO: [Synth 8-5534] Detected attribute (* max_fanout = "10000" *) [c:/ece532/nexys3_ise_gpio_uart/auto_parking/auto_parking.srcs/sources_1/bd/design_1/ip/design_1_PmodDHB1_0_1/ipshared/cb07/hdl/axi_gpio_v2_0_vh_rfs.vhd:1195]
INFO: [Synth 8-638] synthesizing module 'axi_lite_ipif' [c:/ece532/nexys3_ise_gpio_uart/auto_parking/auto_parking.srcs/sources_1/bd/design_1/ip/design_1_PmodDHB1_0_1/ipshared/0ba0/hdl/axi_lite_ipif_v3_0_vh_rfs.vhd:2948]
	Parameter C_S_AXI_DATA_WIDTH bound to: 32 - type: integer 
	Parameter C_S_AXI_ADDR_WIDTH bound to: 9 - type: integer 
	Parameter C_S_AXI_MIN_SIZE bound to: 32'b00000000000000000000000111111111 
	Parameter C_USE_WSTRB bound to: 0 - type: integer 
	Parameter C_DPHASE_TIMEOUT bound to: 8 - type: integer 
	Parameter C_ARD_ADDR_RANGE_ARRAY bound to: 128'b00000000000000000000000000000000000000000000000000000000000000000000000000000000000000000000000000000000000000000000000000001111 
	Parameter C_ARD_NUM_CE_ARRAY bound to: 32'b00000000000000000000000000000100 
	Parameter C_FAMILY bound to: artix7 - type: string 
INFO: [Synth 8-638] synthesizing module 'slave_attachment' [c:/ece532/nexys3_ise_gpio_uart/auto_parking/auto_parking.srcs/sources_1/bd/design_1/ip/design_1_PmodDHB1_0_1/ipshared/0ba0/hdl/axi_lite_ipif_v3_0_vh_rfs.vhd:2341]
	Parameter C_ARD_ADDR_RANGE_ARRAY bound to: 128'b00000000000000000000000000000000000000000000000000000000000000000000000000000000000000000000000000000000000000000000000000001111 
	Parameter C_ARD_NUM_CE_ARRAY bound to: 32'b00000000000000000000000000000100 
	Parameter C_IPIF_ABUS_WIDTH bound to: 9 - type: integer 
	Parameter C_IPIF_DBUS_WIDTH bound to: 32 - type: integer 
	Parameter C_S_AXI_MIN_SIZE bound to: 511 - type: integer 
	Parameter C_USE_WSTRB bound to: 0 - type: integer 
	Parameter C_DPHASE_TIMEOUT bound to: 8 - type: integer 
	Parameter C_FAMILY bound to: artix7 - type: string 
INFO: [Synth 8-638] synthesizing module 'address_decoder' [c:/ece532/nexys3_ise_gpio_uart/auto_parking/auto_parking.srcs/sources_1/bd/design_1/ip/design_1_PmodDHB1_0_1/ipshared/0ba0/hdl/axi_lite_ipif_v3_0_vh_rfs.vhd:1775]
	Parameter C_BUS_AWIDTH bound to: 9 - type: integer 
	Parameter C_S_AXI_MIN_SIZE bound to: 511 - type: integer 
	Parameter C_ARD_ADDR_RANGE_ARRAY bound to: 128'b00000000000000000000000000000000000000000000000000000000000000000000000000000000000000000000000000000000000000000000000000001111 
	Parameter C_ARD_NUM_CE_ARRAY bound to: 32'b00000000000000000000000000000100 
	Parameter C_FAMILY bound to: nofamily - type: string 
INFO: [Synth 8-638] synthesizing module 'pselect_f' [c:/ece532/nexys3_ise_gpio_uart/auto_parking/auto_parking.srcs/sources_1/bd/design_1/ip/design_1_PmodDHB1_0_1/ipshared/0ba0/hdl/axi_lite_ipif_v3_0_vh_rfs.vhd:1534]
	Parameter C_AB bound to: 2 - type: integer 
	Parameter C_AW bound to: 2 - type: integer 
	Parameter C_BAR bound to: 2'b00 
	Parameter C_FAMILY bound to: nofamily - type: string 
INFO: [Synth 8-256] done synthesizing module 'pselect_f' (9#1) [c:/ece532/nexys3_ise_gpio_uart/auto_parking/auto_parking.srcs/sources_1/bd/design_1/ip/design_1_PmodDHB1_0_1/ipshared/0ba0/hdl/axi_lite_ipif_v3_0_vh_rfs.vhd:1534]
INFO: [Synth 8-638] synthesizing module 'pselect_f__parameterized0' [c:/ece532/nexys3_ise_gpio_uart/auto_parking/auto_parking.srcs/sources_1/bd/design_1/ip/design_1_PmodDHB1_0_1/ipshared/0ba0/hdl/axi_lite_ipif_v3_0_vh_rfs.vhd:1534]
	Parameter C_AB bound to: 2 - type: integer 
	Parameter C_AW bound to: 2 - type: integer 
	Parameter C_BAR bound to: 2'b01 
	Parameter C_FAMILY bound to: nofamily - type: string 
INFO: [Synth 8-256] done synthesizing module 'pselect_f__parameterized0' (9#1) [c:/ece532/nexys3_ise_gpio_uart/auto_parking/auto_parking.srcs/sources_1/bd/design_1/ip/design_1_PmodDHB1_0_1/ipshared/0ba0/hdl/axi_lite_ipif_v3_0_vh_rfs.vhd:1534]
INFO: [Synth 8-638] synthesizing module 'pselect_f__parameterized1' [c:/ece532/nexys3_ise_gpio_uart/auto_parking/auto_parking.srcs/sources_1/bd/design_1/ip/design_1_PmodDHB1_0_1/ipshared/0ba0/hdl/axi_lite_ipif_v3_0_vh_rfs.vhd:1534]
	Parameter C_AB bound to: 2 - type: integer 
	Parameter C_AW bound to: 2 - type: integer 
	Parameter C_BAR bound to: 2'b10 
	Parameter C_FAMILY bound to: nofamily - type: string 
INFO: [Synth 8-256] done synthesizing module 'pselect_f__parameterized1' (9#1) [c:/ece532/nexys3_ise_gpio_uart/auto_parking/auto_parking.srcs/sources_1/bd/design_1/ip/design_1_PmodDHB1_0_1/ipshared/0ba0/hdl/axi_lite_ipif_v3_0_vh_rfs.vhd:1534]
INFO: [Synth 8-638] synthesizing module 'pselect_f__parameterized2' [c:/ece532/nexys3_ise_gpio_uart/auto_parking/auto_parking.srcs/sources_1/bd/design_1/ip/design_1_PmodDHB1_0_1/ipshared/0ba0/hdl/axi_lite_ipif_v3_0_vh_rfs.vhd:1534]
	Parameter C_AB bound to: 2 - type: integer 
	Parameter C_AW bound to: 2 - type: integer 
	Parameter C_BAR bound to: 2'b11 
	Parameter C_FAMILY bound to: nofamily - type: string 
INFO: [Synth 8-256] done synthesizing module 'pselect_f__parameterized2' (9#1) [c:/ece532/nexys3_ise_gpio_uart/auto_parking/auto_parking.srcs/sources_1/bd/design_1/ip/design_1_PmodDHB1_0_1/ipshared/0ba0/hdl/axi_lite_ipif_v3_0_vh_rfs.vhd:1534]
WARNING: [Synth 8-6014] Unused sequential element GEN_BKEND_CE_REGISTERS[0].ce_out_i_reg was removed.  [c:/ece532/nexys3_ise_gpio_uart/auto_parking/auto_parking.srcs/sources_1/bd/design_1/ip/design_1_PmodDHB1_0_1/ipshared/0ba0/hdl/axi_lite_ipif_v3_0_vh_rfs.vhd:2081]
WARNING: [Synth 8-6014] Unused sequential element GEN_BKEND_CE_REGISTERS[1].ce_out_i_reg was removed.  [c:/ece532/nexys3_ise_gpio_uart/auto_parking/auto_parking.srcs/sources_1/bd/design_1/ip/design_1_PmodDHB1_0_1/ipshared/0ba0/hdl/axi_lite_ipif_v3_0_vh_rfs.vhd:2081]
WARNING: [Synth 8-6014] Unused sequential element GEN_BKEND_CE_REGISTERS[2].ce_out_i_reg was removed.  [c:/ece532/nexys3_ise_gpio_uart/auto_parking/auto_parking.srcs/sources_1/bd/design_1/ip/design_1_PmodDHB1_0_1/ipshared/0ba0/hdl/axi_lite_ipif_v3_0_vh_rfs.vhd:2081]
WARNING: [Synth 8-6014] Unused sequential element GEN_BKEND_CE_REGISTERS[3].ce_out_i_reg was removed.  [c:/ece532/nexys3_ise_gpio_uart/auto_parking/auto_parking.srcs/sources_1/bd/design_1/ip/design_1_PmodDHB1_0_1/ipshared/0ba0/hdl/axi_lite_ipif_v3_0_vh_rfs.vhd:2081]
INFO: [Synth 8-256] done synthesizing module 'address_decoder' (10#1) [c:/ece532/nexys3_ise_gpio_uart/auto_parking/auto_parking.srcs/sources_1/bd/design_1/ip/design_1_PmodDHB1_0_1/ipshared/0ba0/hdl/axi_lite_ipif_v3_0_vh_rfs.vhd:1775]
INFO: [Synth 8-226] default block is never used [c:/ece532/nexys3_ise_gpio_uart/auto_parking/auto_parking.srcs/sources_1/bd/design_1/ip/design_1_PmodDHB1_0_1/ipshared/0ba0/hdl/axi_lite_ipif_v3_0_vh_rfs.vhd:2550]
INFO: [Synth 8-256] done synthesizing module 'slave_attachment' (11#1) [c:/ece532/nexys3_ise_gpio_uart/auto_parking/auto_parking.srcs/sources_1/bd/design_1/ip/design_1_PmodDHB1_0_1/ipshared/0ba0/hdl/axi_lite_ipif_v3_0_vh_rfs.vhd:2341]
INFO: [Synth 8-256] done synthesizing module 'axi_lite_ipif' (12#1) [c:/ece532/nexys3_ise_gpio_uart/auto_parking/auto_parking.srcs/sources_1/bd/design_1/ip/design_1_PmodDHB1_0_1/ipshared/0ba0/hdl/axi_lite_ipif_v3_0_vh_rfs.vhd:2948]
INFO: [Synth 8-638] synthesizing module 'GPIO_Core' [c:/ece532/nexys3_ise_gpio_uart/auto_parking/auto_parking.srcs/sources_1/bd/design_1/ip/design_1_PmodDHB1_0_1/ipshared/cb07/hdl/axi_gpio_v2_0_vh_rfs.vhd:177]
	Parameter C_DW bound to: 32 - type: integer 
	Parameter C_AW bound to: 9 - type: integer 
	Parameter C_GPIO_WIDTH bound to: 1 - type: integer 
	Parameter C_GPIO2_WIDTH bound to: 1 - type: integer 
	Parameter C_MAX_GPIO_WIDTH bound to: 1 - type: integer 
	Parameter C_INTERRUPT_PRESENT bound to: 0 - type: integer 
	Parameter C_DOUT_DEFAULT bound to: 0 - type: integer 
	Parameter C_TRI_DEFAULT bound to: -1 - type: integer 
	Parameter C_IS_DUAL bound to: 1 - type: integer 
	Parameter C_ALL_OUTPUTS bound to: 1 - type: integer 
	Parameter C_ALL_OUTPUTS_2 bound to: 1 - type: integer 
	Parameter C_ALL_INPUTS bound to: 0 - type: integer 
	Parameter C_ALL_INPUTS_2 bound to: 0 - type: integer 
	Parameter C_DOUT_DEFAULT_2 bound to: 0 - type: integer 
	Parameter C_TRI_DEFAULT_2 bound to: -1 - type: integer 
	Parameter C_FAMILY bound to: artix7 - type: string 
INFO: [Synth 8-226] default block is never used [c:/ece532/nexys3_ise_gpio_uart/auto_parking/auto_parking.srcs/sources_1/bd/design_1/ip/design_1_PmodDHB1_0_1/ipshared/cb07/hdl/axi_gpio_v2_0_vh_rfs.vhd:734]
INFO: [Synth 8-638] synthesizing module 'cdc_sync' [c:/ece532/nexys3_ise_gpio_uart/auto_parking/auto_parking.srcs/sources_1/bd/design_1/ip/design_1_PmodDHB1_0_1/ipshared/52cb/hdl/lib_cdc_v1_0_rfs.vhd:106]
	Parameter C_CDC_TYPE bound to: 1 - type: integer 
	Parameter C_RESET_STATE bound to: 0 - type: integer 
	Parameter C_SINGLE_BIT bound to: 0 - type: integer 
	Parameter C_FLOP_INPUT bound to: 0 - type: integer 
	Parameter C_VECTOR_WIDTH bound to: 1 - type: integer 
	Parameter C_MTBF_STAGES bound to: 4 - type: integer 
	Parameter INIT bound to: 1'b0 
INFO: [Synth 8-113] binding component instance 'CROSS2_PLEVEL_IN2SCNDRY_IN_cdc_to' to cell 'FDR' [c:/ece532/nexys3_ise_gpio_uart/auto_parking/auto_parking.srcs/sources_1/bd/design_1/ip/design_1_PmodDHB1_0_1/ipshared/52cb/hdl/lib_cdc_v1_0_rfs.vhd:736]
	Parameter INIT bound to: 1'b0 
INFO: [Synth 8-113] binding component instance 'CROSS2_PLEVEL_IN2SCNDRY_s_level_out_bus_d2' to cell 'FDR' [c:/ece532/nexys3_ise_gpio_uart/auto_parking/auto_parking.srcs/sources_1/bd/design_1/ip/design_1_PmodDHB1_0_1/ipshared/52cb/hdl/lib_cdc_v1_0_rfs.vhd:772]
	Parameter INIT bound to: 1'b0 
INFO: [Synth 8-113] binding component instance 'CROSS2_PLEVEL_IN2SCNDRY_s_level_out_bus_d3' to cell 'FDR' [c:/ece532/nexys3_ise_gpio_uart/auto_parking/auto_parking.srcs/sources_1/bd/design_1/ip/design_1_PmodDHB1_0_1/ipshared/52cb/hdl/lib_cdc_v1_0_rfs.vhd:788]
	Parameter INIT bound to: 1'b0 
INFO: [Synth 8-113] binding component instance 'CROSS2_PLEVEL_IN2SCNDRY_s_level_out_bus_d4' to cell 'FDR' [c:/ece532/nexys3_ise_gpio_uart/auto_parking/auto_parking.srcs/sources_1/bd/design_1/ip/design_1_PmodDHB1_0_1/ipshared/52cb/hdl/lib_cdc_v1_0_rfs.vhd:804]
	Parameter INIT bound to: 1'b0 
INFO: [Synth 8-113] binding component instance 'CROSS2_PLEVEL_IN2SCNDRY_s_level_out_bus_d5' to cell 'FDR' [c:/ece532/nexys3_ise_gpio_uart/auto_parking/auto_parking.srcs/sources_1/bd/design_1/ip/design_1_PmodDHB1_0_1/ipshared/52cb/hdl/lib_cdc_v1_0_rfs.vhd:821]
	Parameter INIT bound to: 1'b0 
INFO: [Synth 8-113] binding component instance 'CROSS2_PLEVEL_IN2SCNDRY_s_level_out_bus_d6' to cell 'FDR' [c:/ece532/nexys3_ise_gpio_uart/auto_parking/auto_parking.srcs/sources_1/bd/design_1/ip/design_1_PmodDHB1_0_1/ipshared/52cb/hdl/lib_cdc_v1_0_rfs.vhd:837]
INFO: [Synth 8-256] done synthesizing module 'cdc_sync' (13#1) [c:/ece532/nexys3_ise_gpio_uart/auto_parking/auto_parking.srcs/sources_1/bd/design_1/ip/design_1_PmodDHB1_0_1/ipshared/52cb/hdl/lib_cdc_v1_0_rfs.vhd:106]
WARNING: [Synth 8-6014] Unused sequential element Dual.ABus_reg_select_reg was removed.  [c:/ece532/nexys3_ise_gpio_uart/auto_parking/auto_parking.srcs/sources_1/bd/design_1/ip/design_1_PmodDHB1_0_1/ipshared/cb07/hdl/axi_gpio_v2_0_vh_rfs.vhd:728]
WARNING: [Synth 8-6014] Unused sequential element Dual.gpio_Data_In_reg was removed.  [c:/ece532/nexys3_ise_gpio_uart/auto_parking/auto_parking.srcs/sources_1/bd/design_1/ip/design_1_PmodDHB1_0_1/ipshared/cb07/hdl/axi_gpio_v2_0_vh_rfs.vhd:781]
WARNING: [Synth 8-6014] Unused sequential element Dual.gpio2_Data_In_reg was removed.  [c:/ece532/nexys3_ise_gpio_uart/auto_parking/auto_parking.srcs/sources_1/bd/design_1/ip/design_1_PmodDHB1_0_1/ipshared/cb07/hdl/axi_gpio_v2_0_vh_rfs.vhd:819]
WARNING: [Synth 8-6014] Unused sequential element Dual.Read_Reg_In_reg was removed.  [c:/ece532/nexys3_ise_gpio_uart/auto_parking/auto_parking.srcs/sources_1/bd/design_1/ip/design_1_PmodDHB1_0_1/ipshared/cb07/hdl/axi_gpio_v2_0_vh_rfs.vhd:916]
WARNING: [Synth 8-6014] Unused sequential element Dual.Read_Reg2_In_reg was removed.  [c:/ece532/nexys3_ise_gpio_uart/auto_parking/auto_parking.srcs/sources_1/bd/design_1/ip/design_1_PmodDHB1_0_1/ipshared/cb07/hdl/axi_gpio_v2_0_vh_rfs.vhd:917]
INFO: [Synth 8-256] done synthesizing module 'GPIO_Core' (14#1) [c:/ece532/nexys3_ise_gpio_uart/auto_parking/auto_parking.srcs/sources_1/bd/design_1/ip/design_1_PmodDHB1_0_1/ipshared/cb07/hdl/axi_gpio_v2_0_vh_rfs.vhd:177]
INFO: [Synth 8-256] done synthesizing module 'axi_gpio' (15#1) [c:/ece532/nexys3_ise_gpio_uart/auto_parking/auto_parking.srcs/sources_1/bd/design_1/ip/design_1_PmodDHB1_0_1/ipshared/cb07/hdl/axi_gpio_v2_0_vh_rfs.vhd:1257]
INFO: [Synth 8-256] done synthesizing module 'PmodDHB1_axi_gpio_0_0' (16#1) [c:/ece532/nexys3_ise_gpio_uart/auto_parking/auto_parking.srcs/sources_1/bd/design_1/ip/design_1_PmodDHB1_0_1/src/PmodDHB1_axi_gpio_0_0/synth/PmodDHB1_axi_gpio_0_0.vhd:85]
INFO: [Synth 8-638] synthesizing module 'PmodDHB1_pmod_bridge_0_0' [c:/ece532/nexys3_ise_gpio_uart/auto_parking/auto_parking.srcs/sources_1/bd/design_1/ip/design_1_PmodDHB1_0_1/src/PmodDHB1_pmod_bridge_0_0/synth/PmodDHB1_pmod_bridge_0_0.v:56]
INFO: [Synth 8-638] synthesizing module 'pmod_concat' [c:/ece532/nexys3_ise_gpio_uart/auto_parking/auto_parking.srcs/sources_1/bd/design_1/ip/design_1_PmodDHB1_0_1/ipshared/5912/src/pmod_concat.v:12]
	Parameter Top_Row_Interface bound to: GPIO - type: string 
	Parameter Bottom_Row_Interface bound to: GPIO - type: string 
WARNING: [Synth 8-3848] Net in_top_uart_gpio_bus_I in module/entity pmod_concat does not have driver. [c:/ece532/nexys3_ise_gpio_uart/auto_parking/auto_parking.srcs/sources_1/bd/design_1/ip/design_1_PmodDHB1_0_1/ipshared/5912/src/pmod_concat.v:87]
WARNING: [Synth 8-3848] Net in_top_i2c_gpio_bus_I in module/entity pmod_concat does not have driver. [c:/ece532/nexys3_ise_gpio_uart/auto_parking/auto_parking.srcs/sources_1/bd/design_1/ip/design_1_PmodDHB1_0_1/ipshared/5912/src/pmod_concat.v:90]
WARNING: [Synth 8-3848] Net in_bottom_uart_gpio_bus_I in module/entity pmod_concat does not have driver. [c:/ece532/nexys3_ise_gpio_uart/auto_parking/auto_parking.srcs/sources_1/bd/design_1/ip/design_1_PmodDHB1_0_1/ipshared/5912/src/pmod_concat.v:97]
WARNING: [Synth 8-3848] Net in_bottom_i2c_gpio_bus_I in module/entity pmod_concat does not have driver. [c:/ece532/nexys3_ise_gpio_uart/auto_parking/auto_parking.srcs/sources_1/bd/design_1/ip/design_1_PmodDHB1_0_1/ipshared/5912/src/pmod_concat.v:100]
WARNING: [Synth 8-3848] Net in0_I in module/entity pmod_concat does not have driver. [c:/ece532/nexys3_ise_gpio_uart/auto_parking/auto_parking.srcs/sources_1/bd/design_1/ip/design_1_PmodDHB1_0_1/ipshared/5912/src/pmod_concat.v:104]
WARNING: [Synth 8-3848] Net in1_I in module/entity pmod_concat does not have driver. [c:/ece532/nexys3_ise_gpio_uart/auto_parking/auto_parking.srcs/sources_1/bd/design_1/ip/design_1_PmodDHB1_0_1/ipshared/5912/src/pmod_concat.v:105]
WARNING: [Synth 8-3848] Net in2_I in module/entity pmod_concat does not have driver. [c:/ece532/nexys3_ise_gpio_uart/auto_parking/auto_parking.srcs/sources_1/bd/design_1/ip/design_1_PmodDHB1_0_1/ipshared/5912/src/pmod_concat.v:106]
WARNING: [Synth 8-3848] Net in3_I in module/entity pmod_concat does not have driver. [c:/ece532/nexys3_ise_gpio_uart/auto_parking/auto_parking.srcs/sources_1/bd/design_1/ip/design_1_PmodDHB1_0_1/ipshared/5912/src/pmod_concat.v:107]
WARNING: [Synth 8-3848] Net in4_I in module/entity pmod_concat does not have driver. [c:/ece532/nexys3_ise_gpio_uart/auto_parking/auto_parking.srcs/sources_1/bd/design_1/ip/design_1_PmodDHB1_0_1/ipshared/5912/src/pmod_concat.v:108]
WARNING: [Synth 8-3848] Net in5_I in module/entity pmod_concat does not have driver. [c:/ece532/nexys3_ise_gpio_uart/auto_parking/auto_parking.srcs/sources_1/bd/design_1/ip/design_1_PmodDHB1_0_1/ipshared/5912/src/pmod_concat.v:109]
WARNING: [Synth 8-3848] Net in6_I in module/entity pmod_concat does not have driver. [c:/ece532/nexys3_ise_gpio_uart/auto_parking/auto_parking.srcs/sources_1/bd/design_1/ip/design_1_PmodDHB1_0_1/ipshared/5912/src/pmod_concat.v:110]
WARNING: [Synth 8-3848] Net in7_I in module/entity pmod_concat does not have driver. [c:/ece532/nexys3_ise_gpio_uart/auto_parking/auto_parking.srcs/sources_1/bd/design_1/ip/design_1_PmodDHB1_0_1/ipshared/5912/src/pmod_concat.v:111]
INFO: [Synth 8-256] done synthesizing module 'pmod_concat' (17#1) [c:/ece532/nexys3_ise_gpio_uart/auto_parking/auto_parking.srcs/sources_1/bd/design_1/ip/design_1_PmodDHB1_0_1/ipshared/5912/src/pmod_concat.v:12]
INFO: [Synth 8-256] done synthesizing module 'PmodDHB1_pmod_bridge_0_0' (18#1) [c:/ece532/nexys3_ise_gpio_uart/auto_parking/auto_parking.srcs/sources_1/bd/design_1/ip/design_1_PmodDHB1_0_1/src/PmodDHB1_pmod_bridge_0_0/synth/PmodDHB1_pmod_bridge_0_0.v:56]
INFO: [Synth 8-638] synthesizing module 'PmodDHB1_xlconcat_1_0' [c:/ece532/nexys3_ise_gpio_uart/auto_parking/auto_parking.srcs/sources_1/bd/design_1/ip/design_1_PmodDHB1_0_1/src/PmodDHB1_xlconcat_1_0/synth/PmodDHB1_xlconcat_1_0.v:58]
INFO: [Synth 8-638] synthesizing module 'xlconcat_v2_1_1_xlconcat' [c:/ece532/nexys3_ise_gpio_uart/auto_parking/auto_parking.srcs/sources_1/bd/design_1/ip/design_1_PmodDHB1_0_1/ipshared/73b7/hdl/xlconcat_v2_1_vl_rfs.v:14]
	Parameter IN0_WIDTH bound to: 1 - type: integer 
	Parameter IN1_WIDTH bound to: 1 - type: integer 
	Parameter IN2_WIDTH bound to: 2 - type: integer 
	Parameter IN3_WIDTH bound to: 1 - type: integer 
	Parameter IN4_WIDTH bound to: 1 - type: integer 
	Parameter IN5_WIDTH bound to: 1 - type: integer 
	Parameter IN6_WIDTH bound to: 1 - type: integer 
	Parameter IN7_WIDTH bound to: 1 - type: integer 
	Parameter IN8_WIDTH bound to: 1 - type: integer 
	Parameter IN9_WIDTH bound to: 1 - type: integer 
	Parameter IN10_WIDTH bound to: 1 - type: integer 
	Parameter IN11_WIDTH bound to: 1 - type: integer 
	Parameter IN12_WIDTH bound to: 1 - type: integer 
	Parameter IN13_WIDTH bound to: 1 - type: integer 
	Parameter IN14_WIDTH bound to: 1 - type: integer 
	Parameter IN15_WIDTH bound to: 1 - type: integer 
	Parameter IN16_WIDTH bound to: 1 - type: integer 
	Parameter IN17_WIDTH bound to: 1 - type: integer 
	Parameter IN18_WIDTH bound to: 1 - type: integer 
	Parameter IN19_WIDTH bound to: 1 - type: integer 
	Parameter IN20_WIDTH bound to: 1 - type: integer 
	Parameter IN21_WIDTH bound to: 1 - type: integer 
	Parameter IN22_WIDTH bound to: 1 - type: integer 
	Parameter IN23_WIDTH bound to: 1 - type: integer 
	Parameter IN24_WIDTH bound to: 1 - type: integer 
	Parameter IN25_WIDTH bound to: 1 - type: integer 
	Parameter IN26_WIDTH bound to: 1 - type: integer 
	Parameter IN27_WIDTH bound to: 1 - type: integer 
	Parameter IN28_WIDTH bound to: 1 - type: integer 
	Parameter IN29_WIDTH bound to: 1 - type: integer 
	Parameter IN30_WIDTH bound to: 1 - type: integer 
	Parameter IN31_WIDTH bound to: 1 - type: integer 
	Parameter dout_width bound to: 4 - type: integer 
	Parameter NUM_PORTS bound to: 3 - type: integer 
INFO: [Synth 8-256] done synthesizing module 'xlconcat_v2_1_1_xlconcat' (19#1) [c:/ece532/nexys3_ise_gpio_uart/auto_parking/auto_parking.srcs/sources_1/bd/design_1/ip/design_1_PmodDHB1_0_1/ipshared/73b7/hdl/xlconcat_v2_1_vl_rfs.v:14]
INFO: [Synth 8-256] done synthesizing module 'PmodDHB1_xlconcat_1_0' (20#1) [c:/ece532/nexys3_ise_gpio_uart/auto_parking/auto_parking.srcs/sources_1/bd/design_1/ip/design_1_PmodDHB1_0_1/src/PmodDHB1_xlconcat_1_0/synth/PmodDHB1_xlconcat_1_0.v:58]
INFO: [Synth 8-638] synthesizing module 'PmodDHB1_xlconcat_0_0' [c:/ece532/nexys3_ise_gpio_uart/auto_parking/auto_parking.srcs/sources_1/bd/design_1/ip/design_1_PmodDHB1_0_1/src/PmodDHB1_xlconcat_0_0/synth/PmodDHB1_xlconcat_0_0.v:58]
INFO: [Synth 8-256] done synthesizing module 'PmodDHB1_xlconcat_0_0' (21#1) [c:/ece532/nexys3_ise_gpio_uart/auto_parking/auto_parking.srcs/sources_1/bd/design_1/ip/design_1_PmodDHB1_0_1/src/PmodDHB1_xlconcat_0_0/synth/PmodDHB1_xlconcat_0_0.v:58]
INFO: [Synth 8-638] synthesizing module 'PmodDHB1_xlconstant_0_1' [c:/ece532/nexys3_ise_gpio_uart/auto_parking/auto_parking.srcs/sources_1/bd/design_1/ip/design_1_PmodDHB1_0_1/src/PmodDHB1_xlconstant_0_1/synth/PmodDHB1_xlconstant_0_1.v:57]
INFO: [Synth 8-638] synthesizing module 'xlconstant_v1_1_3_xlconstant' [c:/ece532/nexys3_ise_gpio_uart/auto_parking/auto_parking.srcs/sources_1/bd/design_1/ip/design_1_PmodDHB1_0_1/ipshared/45df/hdl/xlconstant_v1_1_vl_rfs.v:23]
	Parameter CONST_VAL bound to: 0 - type: integer 
	Parameter CONST_WIDTH bound to: 2 - type: integer 
INFO: [Synth 8-256] done synthesizing module 'xlconstant_v1_1_3_xlconstant' (22#1) [c:/ece532/nexys3_ise_gpio_uart/auto_parking/auto_parking.srcs/sources_1/bd/design_1/ip/design_1_PmodDHB1_0_1/ipshared/45df/hdl/xlconstant_v1_1_vl_rfs.v:23]
INFO: [Synth 8-256] done synthesizing module 'PmodDHB1_xlconstant_0_1' (23#1) [c:/ece532/nexys3_ise_gpio_uart/auto_parking/auto_parking.srcs/sources_1/bd/design_1/ip/design_1_PmodDHB1_0_1/src/PmodDHB1_xlconstant_0_1/synth/PmodDHB1_xlconstant_0_1.v:57]
INFO: [Synth 8-638] synthesizing module 'PmodDHB1_xlconstant_0_0' [c:/ece532/nexys3_ise_gpio_uart/auto_parking/auto_parking.srcs/sources_1/bd/design_1/ip/design_1_PmodDHB1_0_1/src/PmodDHB1_xlconstant_0_0/synth/PmodDHB1_xlconstant_0_0.v:57]
INFO: [Synth 8-638] synthesizing module 'xlconstant_v1_1_3_xlconstant__parameterized0' [c:/ece532/nexys3_ise_gpio_uart/auto_parking/auto_parking.srcs/sources_1/bd/design_1/ip/design_1_PmodDHB1_0_1/ipshared/45df/hdl/xlconstant_v1_1_vl_rfs.v:23]
	Parameter CONST_VAL bound to: 12 - type: integer 
	Parameter CONST_WIDTH bound to: 4 - type: integer 
INFO: [Synth 8-256] done synthesizing module 'xlconstant_v1_1_3_xlconstant__parameterized0' (23#1) [c:/ece532/nexys3_ise_gpio_uart/auto_parking/auto_parking.srcs/sources_1/bd/design_1/ip/design_1_PmodDHB1_0_1/ipshared/45df/hdl/xlconstant_v1_1_vl_rfs.v:23]
INFO: [Synth 8-256] done synthesizing module 'PmodDHB1_xlconstant_0_0' (24#1) [c:/ece532/nexys3_ise_gpio_uart/auto_parking/auto_parking.srcs/sources_1/bd/design_1/ip/design_1_PmodDHB1_0_1/src/PmodDHB1_xlconstant_0_0/synth/PmodDHB1_xlconstant_0_0.v:57]
INFO: [Synth 8-638] synthesizing module 'PmodDHB1_xlslice_0_2' [c:/ece532/nexys3_ise_gpio_uart/auto_parking/auto_parking.srcs/sources_1/bd/design_1/ip/design_1_PmodDHB1_0_1/src/PmodDHB1_xlslice_0_2/synth/PmodDHB1_xlslice_0_2.v:57]
INFO: [Synth 8-638] synthesizing module 'xlslice_v1_0_1_xlslice' [c:/ece532/nexys3_ise_gpio_uart/auto_parking/auto_parking.srcs/sources_1/bd/design_1/ip/design_1_PmodDHB1_0_1/ipshared/bb23/hdl/xlslice_v1_0_vl_rfs.v:13]
	Parameter DIN_WIDTH bound to: 2 - type: integer 
	Parameter DIN_FROM bound to: 0 - type: integer 
	Parameter DIN_TO bound to: 0 - type: integer 
INFO: [Synth 8-256] done synthesizing module 'xlslice_v1_0_1_xlslice' (25#1) [c:/ece532/nexys3_ise_gpio_uart/auto_parking/auto_parking.srcs/sources_1/bd/design_1/ip/design_1_PmodDHB1_0_1/ipshared/bb23/hdl/xlslice_v1_0_vl_rfs.v:13]
INFO: [Synth 8-256] done synthesizing module 'PmodDHB1_xlslice_0_2' (26#1) [c:/ece532/nexys3_ise_gpio_uart/auto_parking/auto_parking.srcs/sources_1/bd/design_1/ip/design_1_PmodDHB1_0_1/src/PmodDHB1_xlslice_0_2/synth/PmodDHB1_xlslice_0_2.v:57]
INFO: [Synth 8-638] synthesizing module 'PmodDHB1_xlslice_0_3' [c:/ece532/nexys3_ise_gpio_uart/auto_parking/auto_parking.srcs/sources_1/bd/design_1/ip/design_1_PmodDHB1_0_1/src/PmodDHB1_xlslice_0_3/synth/PmodDHB1_xlslice_0_3.v:57]
INFO: [Synth 8-638] synthesizing module 'xlslice_v1_0_1_xlslice__parameterized0' [c:/ece532/nexys3_ise_gpio_uart/auto_parking/auto_parking.srcs/sources_1/bd/design_1/ip/design_1_PmodDHB1_0_1/ipshared/bb23/hdl/xlslice_v1_0_vl_rfs.v:13]
	Parameter DIN_WIDTH bound to: 2 - type: integer 
	Parameter DIN_FROM bound to: 1 - type: integer 
	Parameter DIN_TO bound to: 1 - type: integer 
INFO: [Synth 8-256] done synthesizing module 'xlslice_v1_0_1_xlslice__parameterized0' (26#1) [c:/ece532/nexys3_ise_gpio_uart/auto_parking/auto_parking.srcs/sources_1/bd/design_1/ip/design_1_PmodDHB1_0_1/ipshared/bb23/hdl/xlslice_v1_0_vl_rfs.v:13]
INFO: [Synth 8-256] done synthesizing module 'PmodDHB1_xlslice_0_3' (27#1) [c:/ece532/nexys3_ise_gpio_uart/auto_parking/auto_parking.srcs/sources_1/bd/design_1/ip/design_1_PmodDHB1_0_1/src/PmodDHB1_xlslice_0_3/synth/PmodDHB1_xlslice_0_3.v:57]
INFO: [Synth 8-638] synthesizing module 'PmodDHB1_xlslice_1_0' [c:/ece532/nexys3_ise_gpio_uart/auto_parking/auto_parking.srcs/sources_1/bd/design_1/ip/design_1_PmodDHB1_0_1/src/PmodDHB1_xlslice_1_0/synth/PmodDHB1_xlslice_1_0.v:57]
INFO: [Synth 8-638] synthesizing module 'xlslice_v1_0_1_xlslice__parameterized1' [c:/ece532/nexys3_ise_gpio_uart/auto_parking/auto_parking.srcs/sources_1/bd/design_1/ip/design_1_PmodDHB1_0_1/ipshared/bb23/hdl/xlslice_v1_0_vl_rfs.v:13]
	Parameter DIN_WIDTH bound to: 4 - type: integer 
	Parameter DIN_FROM bound to: 2 - type: integer 
	Parameter DIN_TO bound to: 2 - type: integer 
INFO: [Synth 8-256] done synthesizing module 'xlslice_v1_0_1_xlslice__parameterized1' (27#1) [c:/ece532/nexys3_ise_gpio_uart/auto_parking/auto_parking.srcs/sources_1/bd/design_1/ip/design_1_PmodDHB1_0_1/ipshared/bb23/hdl/xlslice_v1_0_vl_rfs.v:13]
INFO: [Synth 8-256] done synthesizing module 'PmodDHB1_xlslice_1_0' (28#1) [c:/ece532/nexys3_ise_gpio_uart/auto_parking/auto_parking.srcs/sources_1/bd/design_1/ip/design_1_PmodDHB1_0_1/src/PmodDHB1_xlslice_1_0/synth/PmodDHB1_xlslice_1_0.v:57]
INFO: [Synth 8-638] synthesizing module 'PmodDHB1_xlslice_0_0' [c:/ece532/nexys3_ise_gpio_uart/auto_parking/auto_parking.srcs/sources_1/bd/design_1/ip/design_1_PmodDHB1_0_1/src/PmodDHB1_xlslice_0_0/synth/PmodDHB1_xlslice_0_0.v:57]
INFO: [Synth 8-256] done synthesizing module 'PmodDHB1_xlslice_0_0' (29#1) [c:/ece532/nexys3_ise_gpio_uart/auto_parking/auto_parking.srcs/sources_1/bd/design_1/ip/design_1_PmodDHB1_0_1/src/PmodDHB1_xlslice_0_0/synth/PmodDHB1_xlslice_0_0.v:57]
INFO: [Synth 8-256] done synthesizing module 'PmodDHB1' (30#1) [c:/ece532/nexys3_ise_gpio_uart/auto_parking/auto_parking.srcs/sources_1/bd/design_1/ipshared/e0ae/src/PmodDHB1.v:13]
INFO: [Synth 8-256] done synthesizing module 'design_1_PmodDHB1_0_1' (31#1) [c:/ece532/nexys3_ise_gpio_uart/auto_parking/auto_parking.srcs/sources_1/bd/design_1/ip/design_1_PmodDHB1_0_1/synth/design_1_PmodDHB1_0_1.v:56]
WARNING: [Synth 8-3331] design xlslice_v1_0_1_xlslice__parameterized1 has unconnected port Din[3]
WARNING: [Synth 8-3331] design xlslice_v1_0_1_xlslice__parameterized1 has unconnected port Din[1]
WARNING: [Synth 8-3331] design xlslice_v1_0_1_xlslice__parameterized1 has unconnected port Din[0]
WARNING: [Synth 8-3331] design xlslice_v1_0_1_xlslice__parameterized0 has unconnected port Din[0]
WARNING: [Synth 8-3331] design xlslice_v1_0_1_xlslice has unconnected port Din[1]
WARNING: [Synth 8-3331] design xlconcat_v2_1_1_xlconcat has unconnected port In3[0]
WARNING: [Synth 8-3331] design xlconcat_v2_1_1_xlconcat has unconnected port In4[0]
WARNING: [Synth 8-3331] design xlconcat_v2_1_1_xlconcat has unconnected port In5[0]
WARNING: [Synth 8-3331] design xlconcat_v2_1_1_xlconcat has unconnected port In6[0]
WARNING: [Synth 8-3331] design xlconcat_v2_1_1_xlconcat has unconnected port In7[0]
WARNING: [Synth 8-3331] design xlconcat_v2_1_1_xlconcat has unconnected port In8[0]
WARNING: [Synth 8-3331] design xlconcat_v2_1_1_xlconcat has unconnected port In9[0]
WARNING: [Synth 8-3331] design xlconcat_v2_1_1_xlconcat has unconnected port In10[0]
WARNING: [Synth 8-3331] design xlconcat_v2_1_1_xlconcat has unconnected port In11[0]
WARNING: [Synth 8-3331] design xlconcat_v2_1_1_xlconcat has unconnected port In12[0]
WARNING: [Synth 8-3331] design xlconcat_v2_1_1_xlconcat has unconnected port In13[0]
WARNING: [Synth 8-3331] design xlconcat_v2_1_1_xlconcat has unconnected port In14[0]
WARNING: [Synth 8-3331] design xlconcat_v2_1_1_xlconcat has unconnected port In15[0]
WARNING: [Synth 8-3331] design xlconcat_v2_1_1_xlconcat has unconnected port In16[0]
WARNING: [Synth 8-3331] design xlconcat_v2_1_1_xlconcat has unconnected port In17[0]
WARNING: [Synth 8-3331] design xlconcat_v2_1_1_xlconcat has unconnected port In18[0]
WARNING: [Synth 8-3331] design xlconcat_v2_1_1_xlconcat has unconnected port In19[0]
WARNING: [Synth 8-3331] design xlconcat_v2_1_1_xlconcat has unconnected port In20[0]
WARNING: [Synth 8-3331] design xlconcat_v2_1_1_xlconcat has unconnected port In21[0]
WARNING: [Synth 8-3331] design xlconcat_v2_1_1_xlconcat has unconnected port In22[0]
WARNING: [Synth 8-3331] design xlconcat_v2_1_1_xlconcat has unconnected port In23[0]
WARNING: [Synth 8-3331] design xlconcat_v2_1_1_xlconcat has unconnected port In24[0]
WARNING: [Synth 8-3331] design xlconcat_v2_1_1_xlconcat has unconnected port In25[0]
WARNING: [Synth 8-3331] design xlconcat_v2_1_1_xlconcat has unconnected port In26[0]
WARNING: [Synth 8-3331] design xlconcat_v2_1_1_xlconcat has unconnected port In27[0]
WARNING: [Synth 8-3331] design xlconcat_v2_1_1_xlconcat has unconnected port In28[0]
WARNING: [Synth 8-3331] design xlconcat_v2_1_1_xlconcat has unconnected port In29[0]
WARNING: [Synth 8-3331] design xlconcat_v2_1_1_xlconcat has unconnected port In30[0]
WARNING: [Synth 8-3331] design xlconcat_v2_1_1_xlconcat has unconnected port In31[0]
WARNING: [Synth 8-3331] design pmod_concat has unconnected port in_top_uart_gpio_bus_I[1]
WARNING: [Synth 8-3331] design pmod_concat has unconnected port in_top_uart_gpio_bus_I[0]
WARNING: [Synth 8-3331] design pmod_concat has unconnected port in_top_i2c_gpio_bus_I[1]
WARNING: [Synth 8-3331] design pmod_concat has unconnected port in_top_i2c_gpio_bus_I[0]
WARNING: [Synth 8-3331] design pmod_concat has unconnected port in_bottom_uart_gpio_bus_I[1]
WARNING: [Synth 8-3331] design pmod_concat has unconnected port in_bottom_uart_gpio_bus_I[0]
WARNING: [Synth 8-3331] design pmod_concat has unconnected port in_bottom_i2c_gpio_bus_I[1]
WARNING: [Synth 8-3331] design pmod_concat has unconnected port in_bottom_i2c_gpio_bus_I[0]
WARNING: [Synth 8-3331] design pmod_concat has unconnected port in0_I
WARNING: [Synth 8-3331] design pmod_concat has unconnected port in1_I
WARNING: [Synth 8-3331] design pmod_concat has unconnected port in2_I
WARNING: [Synth 8-3331] design pmod_concat has unconnected port in3_I
WARNING: [Synth 8-3331] design pmod_concat has unconnected port in4_I
WARNING: [Synth 8-3331] design pmod_concat has unconnected port in5_I
WARNING: [Synth 8-3331] design pmod_concat has unconnected port in6_I
WARNING: [Synth 8-3331] design pmod_concat has unconnected port in7_I
WARNING: [Synth 8-3331] design pmod_concat has unconnected port in_top_uart_gpio_bus_O[1]
WARNING: [Synth 8-3331] design pmod_concat has unconnected port in_top_uart_gpio_bus_O[0]
WARNING: [Synth 8-3331] design pmod_concat has unconnected port in_top_uart_gpio_bus_T[1]
WARNING: [Synth 8-3331] design pmod_concat has unconnected port in_top_uart_gpio_bus_T[0]
WARNING: [Synth 8-3331] design pmod_concat has unconnected port in_top_i2c_gpio_bus_O[1]
WARNING: [Synth 8-3331] design pmod_concat has unconnected port in_top_i2c_gpio_bus_O[0]
WARNING: [Synth 8-3331] design pmod_concat has unconnected port in_top_i2c_gpio_bus_T[1]
WARNING: [Synth 8-3331] design pmod_concat has unconnected port in_top_i2c_gpio_bus_T[0]
WARNING: [Synth 8-3331] design pmod_concat has unconnected port in_bottom_uart_gpio_bus_O[1]
WARNING: [Synth 8-3331] design pmod_concat has unconnected port in_bottom_uart_gpio_bus_O[0]
WARNING: [Synth 8-3331] design pmod_concat has unconnected port in_bottom_uart_gpio_bus_T[1]
WARNING: [Synth 8-3331] design pmod_concat has unconnected port in_bottom_uart_gpio_bus_T[0]
WARNING: [Synth 8-3331] design pmod_concat has unconnected port in_bottom_i2c_gpio_bus_O[1]
WARNING: [Synth 8-3331] design pmod_concat has unconnected port in_bottom_i2c_gpio_bus_O[0]
WARNING: [Synth 8-3331] design pmod_concat has unconnected port in_bottom_i2c_gpio_bus_T[1]
WARNING: [Synth 8-3331] design pmod_concat has unconnected port in_bottom_i2c_gpio_bus_T[0]
WARNING: [Synth 8-3331] design pmod_concat has unconnected port in0_O
WARNING: [Synth 8-3331] design pmod_concat has unconnected port in1_O
WARNING: [Synth 8-3331] design pmod_concat has unconnected port in2_O
WARNING: [Synth 8-3331] design pmod_concat has unconnected port in3_O
WARNING: [Synth 8-3331] design pmod_concat has unconnected port in4_O
WARNING: [Synth 8-3331] design pmod_concat has unconnected port in5_O
WARNING: [Synth 8-3331] design pmod_concat has unconnected port in6_O
WARNING: [Synth 8-3331] design pmod_concat has unconnected port in7_O
WARNING: [Synth 8-3331] design pmod_concat has unconnected port in0_T
WARNING: [Synth 8-3331] design pmod_concat has unconnected port in1_T
WARNING: [Synth 8-3331] design pmod_concat has unconnected port in2_T
WARNING: [Synth 8-3331] design pmod_concat has unconnected port in3_T
WARNING: [Synth 8-3331] design pmod_concat has unconnected port in4_T
WARNING: [Synth 8-3331] design pmod_concat has unconnected port in5_T
WARNING: [Synth 8-3331] design pmod_concat has unconnected port in6_T
WARNING: [Synth 8-3331] design pmod_concat has unconnected port in7_T
WARNING: [Synth 8-3331] design cdc_sync has unconnected port prmry_aclk
WARNING: [Synth 8-3331] design cdc_sync has unconnected port prmry_resetn
WARNING: [Synth 8-3331] design cdc_sync has unconnected port prmry_in
WARNING: [Synth 8-3331] design cdc_sync has unconnected port scndry_resetn
WARNING: [Synth 8-3331] design GPIO_Core has unconnected port ABus_Reg[1]
WARNING: [Synth 8-3331] design GPIO_Core has unconnected port ABus_Reg[2]
WARNING: [Synth 8-3331] design GPIO_Core has unconnected port ABus_Reg[3]
WARNING: [Synth 8-3331] design GPIO_Core has unconnected port ABus_Reg[4]
WARNING: [Synth 8-3331] design GPIO_Core has unconnected port ABus_Reg[7]
WARNING: [Synth 8-3331] design GPIO_Core has unconnected port ABus_Reg[8]
WARNING: [Synth 8-3331] design GPIO_Core has unconnected port BE_Reg[0]
WARNING: [Synth 8-3331] design GPIO_Core has unconnected port BE_Reg[1]
WARNING: [Synth 8-3331] design GPIO_Core has unconnected port BE_Reg[2]
WARNING: [Synth 8-3331] design GPIO_Core has unconnected port BE_Reg[3]
WARNING: [Synth 8-3331] design address_decoder has unconnected port Address_In_Erly[0]
WARNING: [Synth 8-3331] design address_decoder has unconnected port Address_In_Erly[1]
WARNING: [Synth 8-3331] design address_decoder has unconnected port Address_In_Erly[2]
WARNING: [Synth 8-3331] design address_decoder has unconnected port Address_In_Erly[3]
INFO: [Common 17-14] Message 'Synth 8-3331' appears 100 times and further instances of the messages will be disabled. Use the Tcl command set_msg_config to change the current settings.
---------------------------------------------------------------------------------
Finished RTL Elaboration : Time (s): cpu = 00:00:04 ; elapsed = 00:00:04 . Memory (MB): peak = 443.203 ; gain = 122.477
---------------------------------------------------------------------------------

Report Check Netlist: 
+------+------------------+-------+---------+-------+------------------+
|      |Item              |Errors |Warnings |Status |Description       |
+------+------------------+-------+---------+-------+------------------+
|1     |multi_driven_nets |      0|        0|Passed |Multi driven nets |
+------+------------------+-------+---------+-------+------------------+
---------------------------------------------------------------------------------
Finished RTL Optimization Phase 1 : Time (s): cpu = 00:00:04 ; elapsed = 00:00:04 . Memory (MB): peak = 443.203 ; gain = 122.477
---------------------------------------------------------------------------------
INFO: [Netlist 29-17] Analyzing 12 Unisim elements for replacement
INFO: [Netlist 29-28] Unisim Transformation completed in 0 CPU seconds
INFO: [Device 21-403] Loading part xc7a100tcsg324-1
INFO: [Project 1-570] Preparing netlist for logic optimization

Processing XDC Constraints
Initializing timing engine
Parsing XDC File [c:/ece532/nexys3_ise_gpio_uart/auto_parking/auto_parking.srcs/sources_1/bd/design_1/ip/design_1_PmodDHB1_0_1/src/PmodDHB1_ooc.xdc] for cell 'inst'
Finished Parsing XDC File [c:/ece532/nexys3_ise_gpio_uart/auto_parking/auto_parking.srcs/sources_1/bd/design_1/ip/design_1_PmodDHB1_0_1/src/PmodDHB1_ooc.xdc] for cell 'inst'
WARNING: [Designutils 20-1758] instance inst wraps a black box. Constraint reading is skipped for elaborated designs in this case. Skipping constraint file 'c:/ece532/nexys3_ise_gpio_uart/auto_parking/auto_parking.srcs/sources_1/bd/design_1/ip/design_1_PmodDHB1_0_1/src/PmodDHB1_pmod_bridge_0_0/PmodDHB1_pmod_bridge_0_0_board.xdc'.
Parsing XDC File [c:/ece532/nexys3_ise_gpio_uart/auto_parking/auto_parking.srcs/sources_1/bd/design_1/ip/design_1_PmodDHB1_0_1/src/PmodDHB1_axi_gpio_0_0/PmodDHB1_axi_gpio_0_0_board.xdc] for cell 'inst/axi_gpio_0/U0'
Finished Parsing XDC File [c:/ece532/nexys3_ise_gpio_uart/auto_parking/auto_parking.srcs/sources_1/bd/design_1/ip/design_1_PmodDHB1_0_1/src/PmodDHB1_axi_gpio_0_0/PmodDHB1_axi_gpio_0_0_board.xdc] for cell 'inst/axi_gpio_0/U0'
Parsing XDC File [c:/ece532/nexys3_ise_gpio_uart/auto_parking/auto_parking.srcs/sources_1/bd/design_1/ip/design_1_PmodDHB1_0_1/src/PmodDHB1_axi_gpio_0_0/PmodDHB1_axi_gpio_0_0.xdc] for cell 'inst/axi_gpio_0/U0'
Finished Parsing XDC File [c:/ece532/nexys3_ise_gpio_uart/auto_parking/auto_parking.srcs/sources_1/bd/design_1/ip/design_1_PmodDHB1_0_1/src/PmodDHB1_axi_gpio_0_0/PmodDHB1_axi_gpio_0_0.xdc] for cell 'inst/axi_gpio_0/U0'
Parsing XDC File [c:/ece532/nexys3_ise_gpio_uart/auto_parking/auto_parking.srcs/sources_1/bd/design_1/ip/design_1_PmodDHB1_0_1/design_1_PmodDHB1_0_1_board.xdc] for cell 'inst'
CRITICAL WARNING: [Common 17-69] Command failed: BOARD_PART_PIN cannot be assigned to more than one port [c:/ece532/nexys3_ise_gpio_uart/auto_parking/auto_parking.srcs/sources_1/bd/design_1/ip/design_1_PmodDHB1_0_1/design_1_PmodDHB1_0_1_board.xdc:3]
CRITICAL WARNING: [Common 17-69] Command failed: BOARD_PART_PIN cannot be assigned to more than one port [c:/ece532/nexys3_ise_gpio_uart/auto_parking/auto_parking.srcs/sources_1/bd/design_1/ip/design_1_PmodDHB1_0_1/design_1_PmodDHB1_0_1_board.xdc:4]
CRITICAL WARNING: [Common 17-69] Command failed: BOARD_PART_PIN cannot be assigned to more than one port [c:/ece532/nexys3_ise_gpio_uart/auto_parking/auto_parking.srcs/sources_1/bd/design_1/ip/design_1_PmodDHB1_0_1/design_1_PmodDHB1_0_1_board.xdc:5]
CRITICAL WARNING: [Common 17-69] Command failed: BOARD_PART_PIN cannot be assigned to more than one port [c:/ece532/nexys3_ise_gpio_uart/auto_parking/auto_parking.srcs/sources_1/bd/design_1/ip/design_1_PmodDHB1_0_1/design_1_PmodDHB1_0_1_board.xdc:6]
CRITICAL WARNING: [Common 17-69] Command failed: BOARD_PART_PIN cannot be assigned to more than one port [c:/ece532/nexys3_ise_gpio_uart/auto_parking/auto_parking.srcs/sources_1/bd/design_1/ip/design_1_PmodDHB1_0_1/design_1_PmodDHB1_0_1_board.xdc:7]
CRITICAL WARNING: [Common 17-69] Command failed: BOARD_PART_PIN cannot be assigned to more than one port [c:/ece532/nexys3_ise_gpio_uart/auto_parking/auto_parking.srcs/sources_1/bd/design_1/ip/design_1_PmodDHB1_0_1/design_1_PmodDHB1_0_1_board.xdc:8]
CRITICAL WARNING: [Common 17-69] Command failed: BOARD_PART_PIN cannot be assigned to more than one port [c:/ece532/nexys3_ise_gpio_uart/auto_parking/auto_parking.srcs/sources_1/bd/design_1/ip/design_1_PmodDHB1_0_1/design_1_PmodDHB1_0_1_board.xdc:9]
CRITICAL WARNING: [Common 17-69] Command failed: BOARD_PART_PIN cannot be assigned to more than one port [c:/ece532/nexys3_ise_gpio_uart/auto_parking/auto_parking.srcs/sources_1/bd/design_1/ip/design_1_PmodDHB1_0_1/design_1_PmodDHB1_0_1_board.xdc:10]
Finished Parsing XDC File [c:/ece532/nexys3_ise_gpio_uart/auto_parking/auto_parking.srcs/sources_1/bd/design_1/ip/design_1_PmodDHB1_0_1/design_1_PmodDHB1_0_1_board.xdc] for cell 'inst'
Parsing XDC File [C:/ece532/nexys3_ise_gpio_uart/auto_parking/auto_parking.runs/design_1_PmodDHB1_0_1_synth_1/dont_touch.xdc]
Finished Parsing XDC File [C:/ece532/nexys3_ise_gpio_uart/auto_parking/auto_parking.runs/design_1_PmodDHB1_0_1_synth_1/dont_touch.xdc]
INFO: [Project 1-236] Implementation specific constraints were found while reading constraint file [C:/ece532/nexys3_ise_gpio_uart/auto_parking/auto_parking.runs/design_1_PmodDHB1_0_1_synth_1/dont_touch.xdc]. These constraints will be ignored for synthesis but will be used in implementation. Impacted constraints are listed in the file [.Xil/design_1_PmodDHB1_0_1_propImpl.xdc].
Resolution: To avoid this warning, move constraints listed in [.Xil/design_1_PmodDHB1_0_1_propImpl.xdc] to another XDC file and exclude this new file from synthesis with the used_in_synthesis property (File Properties dialog in GUI) and re-run elaboration/synthesis.
Completed Processing XDC Constraints

INFO: [Project 1-111] Unisim Transformation Summary:
  A total of 12 instances were transformed.
  FDR => FDRE: 12 instances

Constraint Validation Runtime : Time (s): cpu = 00:00:00 ; elapsed = 00:00:00.026 . Memory (MB): peak = 753.176 ; gain = 0.000
---------------------------------------------------------------------------------
Finished Constraint Validation : Time (s): cpu = 00:00:12 ; elapsed = 00:00:12 . Memory (MB): peak = 753.176 ; gain = 432.449
---------------------------------------------------------------------------------
---------------------------------------------------------------------------------
Start Loading Part and Timing Information
---------------------------------------------------------------------------------
Loading part: xc7a100tcsg324-1
---------------------------------------------------------------------------------
Finished Loading Part and Timing Information : Time (s): cpu = 00:00:12 ; elapsed = 00:00:12 . Memory (MB): peak = 753.176 ; gain = 432.449
---------------------------------------------------------------------------------
---------------------------------------------------------------------------------
Start Applying 'set_property' XDC Constraints
---------------------------------------------------------------------------------
Applied set_property DONT_TOUCH = true for inst/pmod_bridge_0/inst. (constraint file  C:/ece532/nexys3_ise_gpio_uart/auto_parking/auto_parking.runs/design_1_PmodDHB1_0_1_synth_1/dont_touch.xdc, line 44).
Applied set_property DONT_TOUCH = true for inst. (constraint file  C:/ece532/nexys3_ise_gpio_uart/auto_parking/auto_parking.runs/design_1_PmodDHB1_0_1_synth_1/dont_touch.xdc, line 50).
Applied set_property DONT_TOUCH = true for inst/axi_gpio_0/U0. (constraint file  C:/ece532/nexys3_ise_gpio_uart/auto_parking/auto_parking.runs/design_1_PmodDHB1_0_1_synth_1/dont_touch.xdc, line 57).
Applied set_property DONT_TOUCH = true for inst/MotorFeedback_0. (constraint file  auto generated constraint, line ).
Applied set_property DONT_TOUCH = true for inst/PWM_0. (constraint file  auto generated constraint, line ).
Applied set_property DONT_TOUCH = true for inst/axi_gpio_0. (constraint file  auto generated constraint, line ).
Applied set_property DONT_TOUCH = true for inst/pmod_bridge_0. (constraint file  auto generated constraint, line ).
Applied set_property DONT_TOUCH = true for inst/xlconcat_M1. (constraint file  auto generated constraint, line ).
Applied set_property DONT_TOUCH = true for inst/xlconcat_M2. (constraint file  auto generated constraint, line ).
Applied set_property DONT_TOUCH = true for inst/xlconstant_0. (constraint file  auto generated constraint, line ).
Applied set_property DONT_TOUCH = true for inst/xlconstant_pb_tristate. (constraint file  auto generated constraint, line ).
Applied set_property DONT_TOUCH = true for inst/xlslice_EN1. (constraint file  auto generated constraint, line ).
Applied set_property DONT_TOUCH = true for inst/xlslice_EN2. (constraint file  auto generated constraint, line ).
Applied set_property DONT_TOUCH = true for inst/xlslice_m1_feedback. (constraint file  auto generated constraint, line ).
Applied set_property DONT_TOUCH = true for inst/xlslice_m2_feedback. (constraint file  auto generated constraint, line ).
---------------------------------------------------------------------------------
Finished applying 'set_property' XDC Constraints : Time (s): cpu = 00:00:12 ; elapsed = 00:00:12 . Memory (MB): peak = 753.176 ; gain = 432.449
---------------------------------------------------------------------------------
INFO: [Synth 8-5818] HDL ADVISOR - The operator resource <adder> is shared. To prevent sharing consider applying a KEEP on the output of the operator [c:/ece532/nexys3_ise_gpio_uart/auto_parking/auto_parking.srcs/sources_1/bd/design_1/ip/design_1_PmodDHB1_0_1/ipshared/88e6/hdl/posCounter.v:25]
WARNING: [Synth 8-6014] Unused sequential element pos1_reg was removed.  [c:/ece532/nexys3_ise_gpio_uart/auto_parking/auto_parking.srcs/sources_1/bd/design_1/ip/design_1_PmodDHB1_0_1/ipshared/88e6/hdl/posCounter.v:23]
WARNING: [Synth 8-6014] Unused sequential element count_clk_reg was removed.  [c:/ece532/nexys3_ise_gpio_uart/auto_parking/auto_parking.srcs/sources_1/bd/design_1/ip/design_1_PmodDHB1_0_1/ipshared/88e6/hdl/posManager.v:26]
WARNING: [Synth 8-6014] Unused sequential element count_reg was removed.  [c:/ece532/nexys3_ise_gpio_uart/auto_parking/auto_parking.srcs/sources_1/bd/design_1/ip/design_1_PmodDHB1_0_1/ipshared/a485/hdl/PWM_v2_0.sv:101]
INFO: [Synth 8-5544] ROM "s_axi_rresp_i" won't be mapped to Block RAM because address size (2) smaller than threshold (5)
INFO: [Synth 8-5544] ROM "s_axi_rresp_i" won't be mapped to Block RAM because address size (2) smaller than threshold (5)
INFO: [Synth 8-5544] ROM "s_axi_bresp_i" won't be mapped to Block RAM because address size (2) smaller than threshold (5)
INFO: [Synth 8-5544] ROM "s_axi_bresp_i" won't be mapped to Block RAM because address size (2) smaller than threshold (5)
WARNING: [Synth 8-6014] Unused sequential element INCLUDE_DPHASE_TIMER.dpto_cnt_reg was removed.  [c:/ece532/nexys3_ise_gpio_uart/auto_parking/auto_parking.srcs/sources_1/bd/design_1/ip/design_1_PmodDHB1_0_1/ipshared/0ba0/hdl/axi_lite_ipif_v3_0_vh_rfs.vhd:2674]
WARNING: [Synth 8-327] inferring latch for variable 'reg_data_out_reg' [c:/ece532/nexys3_ise_gpio_uart/auto_parking/auto_parking.srcs/sources_1/bd/design_1/ip/design_1_PmodDHB1_0_1/ipshared/a485/hdl/PWM_AXI.sv:388]
---------------------------------------------------------------------------------
Finished RTL Optimization Phase 2 : Time (s): cpu = 00:00:13 ; elapsed = 00:00:13 . Memory (MB): peak = 753.176 ; gain = 432.449
---------------------------------------------------------------------------------

Report RTL Partitions: 
+-+--------------+------------+----------+
| |RTL Partition |Replication |Instances |
+-+--------------+------------+----------+
+-+--------------+------------+----------+
---------------------------------------------------------------------------------
Start RTL Component Statistics 
---------------------------------------------------------------------------------
Detailed RTL Component Info : 
+---Adders : 
	   3 Input     16 Bit       Adders := 3     
	   2 Input      4 Bit       Adders := 1     
+---Registers : 
	               32 Bit    Registers := 15    
	               16 Bit    Registers := 2     
	                9 Bit    Registers := 1     
	                7 Bit    Registers := 2     
	                5 Bit    Registers := 2     
	                4 Bit    Registers := 1     
	                2 Bit    Registers := 7     
	                1 Bit    Registers := 39    
+---Muxes : 
	   2 Input     32 Bit        Muxes := 12    
	   6 Input     32 Bit        Muxes := 1     
	   5 Input     32 Bit        Muxes := 5     
	   2 Input     16 Bit        Muxes := 3     
	   2 Input      9 Bit        Muxes := 1     
	   7 Input      2 Bit        Muxes := 1     
	   2 Input      2 Bit        Muxes := 2     
	   4 Input      2 Bit        Muxes := 2     
	   2 Input      1 Bit        Muxes := 24    
	   4 Input      1 Bit        Muxes := 3     
---------------------------------------------------------------------------------
Finished RTL Component Statistics 
---------------------------------------------------------------------------------
---------------------------------------------------------------------------------
Start RTL Hierarchical Component Statistics 
---------------------------------------------------------------------------------
Hierarchical RTL Component report 
Module posCounter 
Detailed RTL Component Info : 
+---Adders : 
	   3 Input     16 Bit       Adders := 1     
+---Registers : 
	               16 Bit    Registers := 1     
	                1 Bit    Registers := 1     
+---Muxes : 
	   2 Input     16 Bit        Muxes := 1     
	   2 Input      1 Bit        Muxes := 1     
Module posManager 
Detailed RTL Component Info : 
+---Adders : 
	   3 Input     16 Bit       Adders := 1     
+---Registers : 
	                1 Bit    Registers := 4     
+---Muxes : 
	   2 Input     16 Bit        Muxes := 1     
Module MotorFeedback_v1_0_S00_AXI 
Detailed RTL Component Info : 
+---Registers : 
	               32 Bit    Registers := 2     
	                5 Bit    Registers := 2     
	                2 Bit    Registers := 2     
	                1 Bit    Registers := 5     
+---Muxes : 
	   2 Input     32 Bit        Muxes := 1     
	   6 Input     32 Bit        Muxes := 1     
	   2 Input      1 Bit        Muxes := 4     
Module PWM_AXI 
Detailed RTL Component Info : 
+---Registers : 
	               32 Bit    Registers := 6     
	                7 Bit    Registers := 2     
	                2 Bit    Registers := 2     
	                1 Bit    Registers := 5     
+---Muxes : 
	   2 Input     32 Bit        Muxes := 9     
	   5 Input     32 Bit        Muxes := 5     
	   2 Input      1 Bit        Muxes := 4     
Module PWM_v2_0 
Detailed RTL Component Info : 
+---Registers : 
	               32 Bit    Registers := 3     
	                1 Bit    Registers := 1     
+---Muxes : 
	   2 Input      1 Bit        Muxes := 2     
Module pselect_f 
Detailed RTL Component Info : 
+---Muxes : 
	   2 Input      1 Bit        Muxes := 1     
Module pselect_f__parameterized0 
Detailed RTL Component Info : 
+---Muxes : 
	   2 Input      1 Bit        Muxes := 1     
Module pselect_f__parameterized1 
Detailed RTL Component Info : 
+---Muxes : 
	   2 Input      1 Bit        Muxes := 1     
Module pselect_f__parameterized2 
Detailed RTL Component Info : 
+---Muxes : 
	   2 Input      1 Bit        Muxes := 1     
Module address_decoder 
Detailed RTL Component Info : 
+---Registers : 
	                1 Bit    Registers := 6     
Module slave_attachment 
Detailed RTL Component Info : 
+---Adders : 
	   2 Input      4 Bit       Adders := 1     
+---Registers : 
	               32 Bit    Registers := 1     
	                9 Bit    Registers := 1     
	                4 Bit    Registers := 1     
	                2 Bit    Registers := 3     
	                1 Bit    Registers := 7     
+---Muxes : 
	   2 Input      9 Bit        Muxes := 1     
	   7 Input      2 Bit        Muxes := 1     
	   2 Input      2 Bit        Muxes := 2     
	   4 Input      1 Bit        Muxes := 3     
	   2 Input      1 Bit        Muxes := 8     
Module GPIO_Core 
Detailed RTL Component Info : 
+---Registers : 
	               32 Bit    Registers := 2     
	                1 Bit    Registers := 6     
+---Muxes : 
	   2 Input     32 Bit        Muxes := 1     
	   4 Input      2 Bit        Muxes := 2     
Module axi_gpio 
Detailed RTL Component Info : 
+---Registers : 
	               32 Bit    Registers := 1     
	                1 Bit    Registers := 3     
+---Muxes : 
	   2 Input     32 Bit        Muxes := 1     
---------------------------------------------------------------------------------
Finished RTL Hierarchical Component Statistics
---------------------------------------------------------------------------------
---------------------------------------------------------------------------------
Start Part Resource Summary
---------------------------------------------------------------------------------
Part Resources:
DSPs: 240 (col length:80)
BRAMs: 270 (col length: RAMB18 80 RAMB36 40)
---------------------------------------------------------------------------------
Finished Part Resource Summary
---------------------------------------------------------------------------------
---------------------------------------------------------------------------------
Start Cross Boundary and Area Optimization
---------------------------------------------------------------------------------
WARNING: [Synth 8-6014] Unused sequential element pos_counter1/pos1_reg was removed.  [c:/ece532/nexys3_ise_gpio_uart/auto_parking/auto_parking.srcs/sources_1/bd/design_1/ip/design_1_PmodDHB1_0_1/ipshared/88e6/hdl/posCounter.v:23]
WARNING: [Synth 8-6014] Unused sequential element pos_counter2/pos1_reg was removed.  [c:/ece532/nexys3_ise_gpio_uart/auto_parking/auto_parking.srcs/sources_1/bd/design_1/ip/design_1_PmodDHB1_0_1/ipshared/88e6/hdl/posCounter.v:23]
WARNING: [Synth 8-6014] Unused sequential element count_clk_reg was removed.  [c:/ece532/nexys3_ise_gpio_uart/auto_parking/auto_parking.srcs/sources_1/bd/design_1/ip/design_1_PmodDHB1_0_1/ipshared/88e6/hdl/posManager.v:26]
WARNING: [Synth 8-6014] Unused sequential element inst/MotorFeedback_v1_0_S00_AXI_inst/pos_manager/count_clk_reg was removed.  [c:/ece532/nexys3_ise_gpio_uart/auto_parking/auto_parking.srcs/sources_1/bd/design_1/ip/design_1_PmodDHB1_0_1/ipshared/88e6/hdl/posManager.v:26]
WARNING: [Synth 8-6014] Unused sequential element inst/MotorFeedback_v1_0_S00_AXI_inst/pos_manager/pos_counter1/pos1_reg was removed.  [c:/ece532/nexys3_ise_gpio_uart/auto_parking/auto_parking.srcs/sources_1/bd/design_1/ip/design_1_PmodDHB1_0_1/ipshared/88e6/hdl/posCounter.v:23]
WARNING: [Synth 8-6014] Unused sequential element inst/MotorFeedback_v1_0_S00_AXI_inst/pos_manager/pos_counter2/pos1_reg was removed.  [c:/ece532/nexys3_ise_gpio_uart/auto_parking/auto_parking.srcs/sources_1/bd/design_1/ip/design_1_PmodDHB1_0_1/ipshared/88e6/hdl/posCounter.v:23]
WARNING: [Synth 8-6014] Unused sequential element inst/count_reg was removed.  [c:/ece532/nexys3_ise_gpio_uart/auto_parking/auto_parking.srcs/sources_1/bd/design_1/ip/design_1_PmodDHB1_0_1/ipshared/a485/hdl/PWM_v2_0.sv:101]
INFO: [Synth 8-4471] merging register 'bus2ip_reset_reg' into 'AXI_LITE_IPIF_I/I_SLAVE_ATTACHMENT/rst_reg' [c:/ece532/nexys3_ise_gpio_uart/auto_parking/auto_parking.srcs/sources_1/bd/design_1/ip/design_1_PmodDHB1_0_1/ipshared/cb07/hdl/axi_gpio_v2_0_vh_rfs.vhd:1583]
WARNING: [Synth 8-6014] Unused sequential element bus2ip_reset_reg was removed.  [c:/ece532/nexys3_ise_gpio_uart/auto_parking/auto_parking.srcs/sources_1/bd/design_1/ip/design_1_PmodDHB1_0_1/ipshared/cb07/hdl/axi_gpio_v2_0_vh_rfs.vhd:1583]
WARNING: [Synth 8-6014] Unused sequential element AXI_LITE_IPIF_I/I_SLAVE_ATTACHMENT/INCLUDE_DPHASE_TIMER.dpto_cnt_reg was removed.  [c:/ece532/nexys3_ise_gpio_uart/auto_parking/auto_parking.srcs/sources_1/bd/design_1/ip/design_1_PmodDHB1_0_1/ipshared/0ba0/hdl/axi_lite_ipif_v3_0_vh_rfs.vhd:2674]
INFO: [Synth 8-3886] merging instance 'inst/MotorFeedback_0/inst/MotorFeedback_v1_0_S00_AXI_inst/axi_rresp_reg[0]' (FDRE) to 'inst/MotorFeedback_0/inst/MotorFeedback_v1_0_S00_AXI_inst/axi_rresp_reg[1]'
INFO: [Synth 8-3333] propagating constant 0 across sequential element (inst/MotorFeedback_0/\inst/MotorFeedback_v1_0_S00_AXI_inst/axi_rresp_reg[1] )
INFO: [Synth 8-3886] merging instance 'inst/MotorFeedback_0/inst/MotorFeedback_v1_0_S00_AXI_inst/axi_bresp_reg[0]' (FDRE) to 'inst/MotorFeedback_0/inst/MotorFeedback_v1_0_S00_AXI_inst/axi_bresp_reg[1]'
INFO: [Synth 8-3333] propagating constant 0 across sequential element (inst/MotorFeedback_0/\inst/MotorFeedback_v1_0_S00_AXI_inst/axi_bresp_reg[1] )
INFO: [Synth 8-3332] Sequential element (inst/MotorFeedback_v1_0_S00_AXI_inst/axi_awaddr_reg[1]) is unused and will be removed from module PmodDHB1_MotorFeedback_0_0.
INFO: [Synth 8-3332] Sequential element (inst/MotorFeedback_v1_0_S00_AXI_inst/axi_awaddr_reg[0]) is unused and will be removed from module PmodDHB1_MotorFeedback_0_0.
INFO: [Synth 8-3332] Sequential element (inst/MotorFeedback_v1_0_S00_AXI_inst/axi_bresp_reg[1]) is unused and will be removed from module PmodDHB1_MotorFeedback_0_0.
INFO: [Synth 8-3332] Sequential element (inst/MotorFeedback_v1_0_S00_AXI_inst/axi_araddr_reg[1]) is unused and will be removed from module PmodDHB1_MotorFeedback_0_0.
INFO: [Synth 8-3332] Sequential element (inst/MotorFeedback_v1_0_S00_AXI_inst/axi_araddr_reg[0]) is unused and will be removed from module PmodDHB1_MotorFeedback_0_0.
INFO: [Synth 8-3332] Sequential element (inst/MotorFeedback_v1_0_S00_AXI_inst/axi_rresp_reg[1]) is unused and will be removed from module PmodDHB1_MotorFeedback_0_0.
INFO: [Synth 8-3886] merging instance 'inst/PWM_0/inst/PWM_AXI_inst/axi_rresp_reg[0]' (FDRE) to 'inst/PWM_0/inst/PWM_AXI_inst/axi_rresp_reg[1]'
INFO: [Synth 8-3333] propagating constant 0 across sequential element (inst/PWM_0/\inst/PWM_AXI_inst/axi_rresp_reg[1] )
INFO: [Synth 8-3886] merging instance 'inst/PWM_0/inst/PWM_AXI_inst/axi_bresp_reg[0]' (FDRE) to 'inst/PWM_0/inst/PWM_AXI_inst/axi_bresp_reg[1]'
INFO: [Synth 8-3333] propagating constant 0 across sequential element (inst/PWM_0/\inst/PWM_AXI_inst/axi_bresp_reg[1] )
INFO: [Synth 8-3332] Sequential element (inst/PWM_AXI_inst/reg_data_out_reg[31]) is unused and will be removed from module PmodDHB1_PWM_0_0.
INFO: [Synth 8-3332] Sequential element (inst/PWM_AXI_inst/reg_data_out_reg[30]) is unused and will be removed from module PmodDHB1_PWM_0_0.
INFO: [Synth 8-3332] Sequential element (inst/PWM_AXI_inst/reg_data_out_reg[29]) is unused and will be removed from module PmodDHB1_PWM_0_0.
INFO: [Synth 8-3332] Sequential element (inst/PWM_AXI_inst/reg_data_out_reg[28]) is unused and will be removed from module PmodDHB1_PWM_0_0.
INFO: [Synth 8-3332] Sequential element (inst/PWM_AXI_inst/reg_data_out_reg[27]) is unused and will be removed from module PmodDHB1_PWM_0_0.
INFO: [Synth 8-3332] Sequential element (inst/PWM_AXI_inst/reg_data_out_reg[26]) is unused and will be removed from module PmodDHB1_PWM_0_0.
INFO: [Synth 8-3332] Sequential element (inst/PWM_AXI_inst/reg_data_out_reg[25]) is unused and will be removed from module PmodDHB1_PWM_0_0.
INFO: [Synth 8-3332] Sequential element (inst/PWM_AXI_inst/reg_data_out_reg[24]) is unused and will be removed from module PmodDHB1_PWM_0_0.
INFO: [Synth 8-3332] Sequential element (inst/PWM_AXI_inst/reg_data_out_reg[23]) is unused and will be removed from module PmodDHB1_PWM_0_0.
INFO: [Synth 8-3332] Sequential element (inst/PWM_AXI_inst/reg_data_out_reg[22]) is unused and will be removed from module PmodDHB1_PWM_0_0.
INFO: [Synth 8-3332] Sequential element (inst/PWM_AXI_inst/reg_data_out_reg[21]) is unused and will be removed from module PmodDHB1_PWM_0_0.
INFO: [Synth 8-3332] Sequential element (inst/PWM_AXI_inst/reg_data_out_reg[20]) is unused and will be removed from module PmodDHB1_PWM_0_0.
INFO: [Synth 8-3332] Sequential element (inst/PWM_AXI_inst/reg_data_out_reg[19]) is unused and will be removed from module PmodDHB1_PWM_0_0.
INFO: [Synth 8-3332] Sequential element (inst/PWM_AXI_inst/reg_data_out_reg[18]) is unused and will be removed from module PmodDHB1_PWM_0_0.
INFO: [Synth 8-3332] Sequential element (inst/PWM_AXI_inst/reg_data_out_reg[17]) is unused and will be removed from module PmodDHB1_PWM_0_0.
INFO: [Synth 8-3332] Sequential element (inst/PWM_AXI_inst/reg_data_out_reg[16]) is unused and will be removed from module PmodDHB1_PWM_0_0.
INFO: [Synth 8-3332] Sequential element (inst/PWM_AXI_inst/reg_data_out_reg[15]) is unused and will be removed from module PmodDHB1_PWM_0_0.
INFO: [Synth 8-3332] Sequential element (inst/PWM_AXI_inst/reg_data_out_reg[14]) is unused and will be removed from module PmodDHB1_PWM_0_0.
INFO: [Synth 8-3332] Sequential element (inst/PWM_AXI_inst/reg_data_out_reg[13]) is unused and will be removed from module PmodDHB1_PWM_0_0.
INFO: [Synth 8-3332] Sequential element (inst/PWM_AXI_inst/reg_data_out_reg[12]) is unused and will be removed from module PmodDHB1_PWM_0_0.
INFO: [Synth 8-3332] Sequential element (inst/PWM_AXI_inst/reg_data_out_reg[11]) is unused and will be removed from module PmodDHB1_PWM_0_0.
INFO: [Synth 8-3332] Sequential element (inst/PWM_AXI_inst/reg_data_out_reg[10]) is unused and will be removed from module PmodDHB1_PWM_0_0.
INFO: [Synth 8-3332] Sequential element (inst/PWM_AXI_inst/reg_data_out_reg[9]) is unused and will be removed from module PmodDHB1_PWM_0_0.
INFO: [Synth 8-3332] Sequential element (inst/PWM_AXI_inst/reg_data_out_reg[8]) is unused and will be removed from module PmodDHB1_PWM_0_0.
INFO: [Synth 8-3332] Sequential element (inst/PWM_AXI_inst/reg_data_out_reg[7]) is unused and will be removed from module PmodDHB1_PWM_0_0.
INFO: [Synth 8-3332] Sequential element (inst/PWM_AXI_inst/reg_data_out_reg[6]) is unused and will be removed from module PmodDHB1_PWM_0_0.
INFO: [Synth 8-3332] Sequential element (inst/PWM_AXI_inst/reg_data_out_reg[5]) is unused and will be removed from module PmodDHB1_PWM_0_0.
INFO: [Synth 8-3332] Sequential element (inst/PWM_AXI_inst/reg_data_out_reg[4]) is unused and will be removed from module PmodDHB1_PWM_0_0.
INFO: [Synth 8-3332] Sequential element (inst/PWM_AXI_inst/reg_data_out_reg[3]) is unused and will be removed from module PmodDHB1_PWM_0_0.
INFO: [Synth 8-3332] Sequential element (inst/PWM_AXI_inst/reg_data_out_reg[2]) is unused and will be removed from module PmodDHB1_PWM_0_0.
INFO: [Synth 8-3332] Sequential element (inst/PWM_AXI_inst/reg_data_out_reg[1]) is unused and will be removed from module PmodDHB1_PWM_0_0.
INFO: [Synth 8-3332] Sequential element (inst/PWM_AXI_inst/reg_data_out_reg[0]) is unused and will be removed from module PmodDHB1_PWM_0_0.
INFO: [Synth 8-3332] Sequential element (inst/PWM_AXI_inst/axi_bresp_reg[1]) is unused and will be removed from module PmodDHB1_PWM_0_0.
INFO: [Synth 8-3332] Sequential element (inst/PWM_AXI_inst/axi_rresp_reg[1]) is unused and will be removed from module PmodDHB1_PWM_0_0.
INFO: [Synth 8-3332] Sequential element (inst/PWM_AXI_inst/axi_awaddr_reg[1]) is unused and will be removed from module PmodDHB1_PWM_0_0.
INFO: [Synth 8-3332] Sequential element (inst/PWM_AXI_inst/axi_awaddr_reg[0]) is unused and will be removed from module PmodDHB1_PWM_0_0.
INFO: [Synth 8-3332] Sequential element (inst/PWM_AXI_inst/axi_araddr_reg[1]) is unused and will be removed from module PmodDHB1_PWM_0_0.
INFO: [Synth 8-3332] Sequential element (inst/PWM_AXI_inst/axi_araddr_reg[0]) is unused and will be removed from module PmodDHB1_PWM_0_0.
INFO: [Synth 8-3333] propagating constant 0 across sequential element (inst/axi_gpio_0/U0/\AXI_LITE_IPIF_I/I_SLAVE_ATTACHMENT/s_axi_rresp_i_reg[1] )
INFO: [Synth 8-3333] propagating constant 0 across sequential element (inst/axi_gpio_0/U0/\AXI_LITE_IPIF_I/I_SLAVE_ATTACHMENT/s_axi_bresp_i_reg[1] )
INFO: [Synth 8-3332] Sequential element (gpio_core_1/Dual.INPUT_DOUBLE_REGS4/GENERATE_LEVEL_P_S_CDC.MULTI_BIT.FOR_IN_cdc_to[0].CROSS2_PLEVEL_IN2SCNDRY_IN_cdc_to) is unused and will be removed from module axi_gpio.
INFO: [Synth 8-3332] Sequential element (gpio_core_1/Dual.INPUT_DOUBLE_REGS4/GENERATE_LEVEL_P_S_CDC.MULTI_BIT.FOR_CROSS_PLEVEL_IN2SCNDRY_bus_d2[0].CROSS2_PLEVEL_IN2SCNDRY_s_level_out_bus_d2) is unused and will be removed from module axi_gpio.
INFO: [Synth 8-3332] Sequential element (gpio_core_1/Dual.INPUT_DOUBLE_REGS4/GENERATE_LEVEL_P_S_CDC.MULTI_BIT.FOR_CROSS_PLEVEL_IN2SCNDRY_bus_d3[0].CROSS2_PLEVEL_IN2SCNDRY_s_level_out_bus_d3) is unused and will be removed from module axi_gpio.
INFO: [Synth 8-3332] Sequential element (gpio_core_1/Dual.INPUT_DOUBLE_REGS4/GENERATE_LEVEL_P_S_CDC.MULTI_BIT.FOR_CROSS_PLEVEL_IN2SCNDRY_bus_d4[0].CROSS2_PLEVEL_IN2SCNDRY_s_level_out_bus_d4) is unused and will be removed from module axi_gpio.
INFO: [Synth 8-3332] Sequential element (gpio_core_1/Dual.INPUT_DOUBLE_REGS4/GENERATE_LEVEL_P_S_CDC.MULTI_BIT.FOR_CROSS_PLEVEL_IN2SCNDRY_bus_d5[0].CROSS2_PLEVEL_IN2SCNDRY_s_level_out_bus_d5) is unused and will be removed from module axi_gpio.
INFO: [Synth 8-3332] Sequential element (gpio_core_1/Dual.INPUT_DOUBLE_REGS4/GENERATE_LEVEL_P_S_CDC.MULTI_BIT.FOR_CROSS_PLEVEL_IN2SCNDRY_bus_d6[0].CROSS2_PLEVEL_IN2SCNDRY_s_level_out_bus_d6) is unused and will be removed from module axi_gpio.
INFO: [Synth 8-3332] Sequential element (gpio_core_1/Dual.INPUT_DOUBLE_REGS5/GENERATE_LEVEL_P_S_CDC.MULTI_BIT.FOR_IN_cdc_to[0].CROSS2_PLEVEL_IN2SCNDRY_IN_cdc_to) is unused and will be removed from module axi_gpio.
INFO: [Synth 8-3332] Sequential element (gpio_core_1/Dual.INPUT_DOUBLE_REGS5/GENERATE_LEVEL_P_S_CDC.MULTI_BIT.FOR_CROSS_PLEVEL_IN2SCNDRY_bus_d2[0].CROSS2_PLEVEL_IN2SCNDRY_s_level_out_bus_d2) is unused and will be removed from module axi_gpio.
INFO: [Synth 8-3332] Sequential element (gpio_core_1/Dual.INPUT_DOUBLE_REGS5/GENERATE_LEVEL_P_S_CDC.MULTI_BIT.FOR_CROSS_PLEVEL_IN2SCNDRY_bus_d3[0].CROSS2_PLEVEL_IN2SCNDRY_s_level_out_bus_d3) is unused and will be removed from module axi_gpio.
INFO: [Synth 8-3332] Sequential element (gpio_core_1/Dual.INPUT_DOUBLE_REGS5/GENERATE_LEVEL_P_S_CDC.MULTI_BIT.FOR_CROSS_PLEVEL_IN2SCNDRY_bus_d4[0].CROSS2_PLEVEL_IN2SCNDRY_s_level_out_bus_d4) is unused and will be removed from module axi_gpio.
INFO: [Synth 8-3332] Sequential element (gpio_core_1/Dual.INPUT_DOUBLE_REGS5/GENERATE_LEVEL_P_S_CDC.MULTI_BIT.FOR_CROSS_PLEVEL_IN2SCNDRY_bus_d5[0].CROSS2_PLEVEL_IN2SCNDRY_s_level_out_bus_d5) is unused and will be removed from module axi_gpio.
INFO: [Synth 8-3332] Sequential element (gpio_core_1/Dual.INPUT_DOUBLE_REGS5/GENERATE_LEVEL_P_S_CDC.MULTI_BIT.FOR_CROSS_PLEVEL_IN2SCNDRY_bus_d6[0].CROSS2_PLEVEL_IN2SCNDRY_s_level_out_bus_d6) is unused and will be removed from module axi_gpio.
INFO: [Synth 8-3332] Sequential element (AXI_LITE_IPIF_I/I_SLAVE_ATTACHMENT/I_DECODER/Bus_RNW_reg_reg) is unused and will be removed from module axi_gpio.
INFO: [Synth 8-3332] Sequential element (AXI_LITE_IPIF_I/I_SLAVE_ATTACHMENT/I_DECODER/GEN_BKEND_CE_REGISTERS[3].ce_out_i_reg[3]) is unused and will be removed from module axi_gpio.
INFO: [Synth 8-3332] Sequential element (AXI_LITE_IPIF_I/I_SLAVE_ATTACHMENT/I_DECODER/GEN_BKEND_CE_REGISTERS[2].ce_out_i_reg[2]) is unused and will be removed from module axi_gpio.
INFO: [Synth 8-3332] Sequential element (AXI_LITE_IPIF_I/I_SLAVE_ATTACHMENT/I_DECODER/GEN_BKEND_CE_REGISTERS[1].ce_out_i_reg[1]) is unused and will be removed from module axi_gpio.
INFO: [Synth 8-3332] Sequential element (AXI_LITE_IPIF_I/I_SLAVE_ATTACHMENT/I_DECODER/GEN_BKEND_CE_REGISTERS[0].ce_out_i_reg[0]) is unused and will be removed from module axi_gpio.
INFO: [Synth 8-3332] Sequential element (AXI_LITE_IPIF_I/I_SLAVE_ATTACHMENT/s_axi_bresp_i_reg[1]) is unused and will be removed from module axi_gpio.
INFO: [Synth 8-3332] Sequential element (AXI_LITE_IPIF_I/I_SLAVE_ATTACHMENT/s_axi_rresp_i_reg[1]) is unused and will be removed from module axi_gpio.
INFO: [Synth 8-3332] Sequential element (AXI_LITE_IPIF_I/I_SLAVE_ATTACHMENT/bus2ip_addr_i_reg[7]) is unused and will be removed from module axi_gpio.
INFO: [Synth 8-3332] Sequential element (AXI_LITE_IPIF_I/I_SLAVE_ATTACHMENT/bus2ip_addr_i_reg[6]) is unused and will be removed from module axi_gpio.
INFO: [Synth 8-3332] Sequential element (AXI_LITE_IPIF_I/I_SLAVE_ATTACHMENT/bus2ip_addr_i_reg[5]) is unused and will be removed from module axi_gpio.
INFO: [Synth 8-3332] Sequential element (AXI_LITE_IPIF_I/I_SLAVE_ATTACHMENT/bus2ip_addr_i_reg[4]) is unused and will be removed from module axi_gpio.
INFO: [Synth 8-3332] Sequential element (AXI_LITE_IPIF_I/I_SLAVE_ATTACHMENT/bus2ip_addr_i_reg[1]) is unused and will be removed from module axi_gpio.
INFO: [Synth 8-3332] Sequential element (AXI_LITE_IPIF_I/I_SLAVE_ATTACHMENT/bus2ip_addr_i_reg[0]) is unused and will be removed from module axi_gpio.
---------------------------------------------------------------------------------
Finished Cross Boundary and Area Optimization : Time (s): cpu = 00:00:14 ; elapsed = 00:00:14 . Memory (MB): peak = 753.176 ; gain = 432.449
---------------------------------------------------------------------------------

Report RTL Partitions: 
+-+--------------+------------+----------+
| |RTL Partition |Replication |Instances |
+-+--------------+------------+----------+
+-+--------------+------------+----------+
---------------------------------------------------------------------------------
Start Applying XDC Timing Constraints
---------------------------------------------------------------------------------
---------------------------------------------------------------------------------
Finished Applying XDC Timing Constraints : Time (s): cpu = 00:00:23 ; elapsed = 00:00:23 . Memory (MB): peak = 753.176 ; gain = 432.449
---------------------------------------------------------------------------------
---------------------------------------------------------------------------------
Start Timing Optimization
---------------------------------------------------------------------------------
---------------------------------------------------------------------------------
Finished Timing Optimization : Time (s): cpu = 00:00:23 ; elapsed = 00:00:24 . Memory (MB): peak = 753.176 ; gain = 432.449
---------------------------------------------------------------------------------

Report RTL Partitions: 
+-+--------------+------------+----------+
| |RTL Partition |Replication |Instances |
+-+--------------+------------+----------+
+-+--------------+------------+----------+
---------------------------------------------------------------------------------
Start Technology Mapping
---------------------------------------------------------------------------------
INFO: [Synth 8-3332] Sequential element (AXI_LITE_IPIF_I/I_SLAVE_ATTACHMENT/s_axi_bresp_i_reg[0]) is unused and will be removed from module axi_gpio.
INFO: [Synth 8-3332] Sequential element (AXI_LITE_IPIF_I/I_SLAVE_ATTACHMENT/s_axi_rresp_i_reg[0]) is unused and will be removed from module axi_gpio.
---------------------------------------------------------------------------------
Finished Technology Mapping : Time (s): cpu = 00:00:24 ; elapsed = 00:00:24 . Memory (MB): peak = 753.176 ; gain = 432.449
---------------------------------------------------------------------------------

Report RTL Partitions: 
+-+--------------+------------+----------+
| |RTL Partition |Replication |Instances |
+-+--------------+------------+----------+
+-+--------------+------------+----------+
---------------------------------------------------------------------------------
Start IO Insertion
---------------------------------------------------------------------------------
---------------------------------------------------------------------------------
Start Flattening Before IO Insertion
---------------------------------------------------------------------------------
---------------------------------------------------------------------------------
Finished Flattening Before IO Insertion
---------------------------------------------------------------------------------
---------------------------------------------------------------------------------
Start Final Netlist Cleanup
---------------------------------------------------------------------------------
---------------------------------------------------------------------------------
Finished Final Netlist Cleanup
---------------------------------------------------------------------------------
---------------------------------------------------------------------------------
Finished IO Insertion : Time (s): cpu = 00:00:24 ; elapsed = 00:00:25 . Memory (MB): peak = 753.176 ; gain = 432.449
---------------------------------------------------------------------------------

Report Check Netlist: 
+------+------------------+-------+---------+-------+------------------+
|      |Item              |Errors |Warnings |Status |Description       |
+------+------------------+-------+---------+-------+------------------+
|1     |multi_driven_nets |      0|        0|Passed |Multi driven nets |
+------+------------------+-------+---------+-------+------------------+
---------------------------------------------------------------------------------
Start Renaming Generated Instances
---------------------------------------------------------------------------------
---------------------------------------------------------------------------------
Finished Renaming Generated Instances : Time (s): cpu = 00:00:24 ; elapsed = 00:00:25 . Memory (MB): peak = 753.176 ; gain = 432.449
---------------------------------------------------------------------------------

Report RTL Partitions: 
+-+--------------+------------+----------+
| |RTL Partition |Replication |Instances |
+-+--------------+------------+----------+
+-+--------------+------------+----------+
---------------------------------------------------------------------------------
Start Rebuilding User Hierarchy
---------------------------------------------------------------------------------
---------------------------------------------------------------------------------
Finished Rebuilding User Hierarchy : Time (s): cpu = 00:00:24 ; elapsed = 00:00:25 . Memory (MB): peak = 753.176 ; gain = 432.449
---------------------------------------------------------------------------------
---------------------------------------------------------------------------------
Start Renaming Generated Ports
---------------------------------------------------------------------------------
---------------------------------------------------------------------------------
Finished Renaming Generated Ports : Time (s): cpu = 00:00:24 ; elapsed = 00:00:25 . Memory (MB): peak = 753.176 ; gain = 432.449
---------------------------------------------------------------------------------
---------------------------------------------------------------------------------
Start Handling Custom Attributes
---------------------------------------------------------------------------------
---------------------------------------------------------------------------------
Finished Handling Custom Attributes : Time (s): cpu = 00:00:24 ; elapsed = 00:00:25 . Memory (MB): peak = 753.176 ; gain = 432.449
---------------------------------------------------------------------------------
---------------------------------------------------------------------------------
Start Renaming Generated Nets
---------------------------------------------------------------------------------
---------------------------------------------------------------------------------
Finished Renaming Generated Nets : Time (s): cpu = 00:00:25 ; elapsed = 00:00:25 . Memory (MB): peak = 753.176 ; gain = 432.449
---------------------------------------------------------------------------------
---------------------------------------------------------------------------------
Start Writing Synthesis Report
---------------------------------------------------------------------------------

Report BlackBoxes: 
+-+--------------+----------+
| |BlackBox name |Instances |
+-+--------------+----------+
+-+--------------+----------+

Report Cell Usage: 
+------+-------+------+
|      |Cell   |Count |
+------+-------+------+
|1     |CARRY4 |    54|
|2     |LUT1   |   100|
|3     |LUT2   |    50|
|4     |LUT3   |    30|
|5     |LUT4   |   170|
|6     |LUT5   |   102|
|7     |LUT6   |    82|
|8     |MUXF7  |    16|
|9     |FDRE   |   540|
|10    |FDSE   |     2|
+------+-------+------+

Report Instance Areas: 
+------+----------------------------------------+---------------------------+------+
|      |Instance                                |Module                     |Cells |
+------+----------------------------------------+---------------------------+------+
|1     |top                                     |                           |  1146|
|2     |  inst                                  |PmodDHB1                   |  1146|
|3     |    MotorFeedback_0                     |PmodDHB1_MotorFeedback_0_0 |   456|
|4     |      inst                              |MotorFeedback_v1_0         |   456|
|5     |        MotorFeedback_v1_0_S00_AXI_inst |MotorFeedback_v1_0_S00_AXI |   456|
|6     |          pos_manager                   |posManager                 |   362|
|7     |            pos_counter1                |posCounter                 |   155|
|8     |            pos_counter2                |posCounter_0               |   109|
|9     |    PWM_0                               |PmodDHB1_PWM_0_0           |   624|
|10    |      inst                              |PWM_v2_0                   |   624|
|11    |        PWM_AXI_inst                    |PWM_AXI                    |   307|
|12    |    axi_gpio_0                          |PmodDHB1_axi_gpio_0_0      |    66|
|13    |      U0                                |axi_gpio                   |    66|
|14    |        AXI_LITE_IPIF_I                 |axi_lite_ipif              |    50|
|15    |          I_SLAVE_ATTACHMENT            |slave_attachment           |    50|
|16    |            I_DECODER                   |address_decoder            |    11|
|17    |        gpio_core_1                     |GPIO_Core                  |    13|
|18    |    pmod_bridge_0                       |PmodDHB1_pmod_bridge_0_0   |     0|
|19    |      inst                              |pmod_concat                |     0|
|20    |    xlconcat_M1                         |PmodDHB1_xlconcat_1_0      |     0|
|21    |    xlconcat_M2                         |PmodDHB1_xlconcat_0_0      |     0|
|22    |    xlconstant_0                        |PmodDHB1_xlconstant_0_1    |     0|
|23    |    xlconstant_pb_tristate              |PmodDHB1_xlconstant_0_0    |     0|
|24    |    xlslice_EN1                         |PmodDHB1_xlslice_0_2       |     0|
|25    |    xlslice_EN2                         |PmodDHB1_xlslice_0_3       |     0|
|26    |    xlslice_m1_feedback                 |PmodDHB1_xlslice_1_0       |     0|
|27    |    xlslice_m2_feedback                 |PmodDHB1_xlslice_0_0       |     0|
+------+----------------------------------------+---------------------------+------+
---------------------------------------------------------------------------------
Finished Writing Synthesis Report : Time (s): cpu = 00:00:25 ; elapsed = 00:00:25 . Memory (MB): peak = 753.176 ; gain = 432.449
---------------------------------------------------------------------------------
Synthesis finished with 0 errors, 0 critical warnings and 117 warnings.
Synthesis Optimization Runtime : Time (s): cpu = 00:00:16 ; elapsed = 00:00:19 . Memory (MB): peak = 753.176 ; gain = 122.477
Synthesis Optimization Complete : Time (s): cpu = 00:00:25 ; elapsed = 00:00:25 . Memory (MB): peak = 753.176 ; gain = 432.449
INFO: [Project 1-571] Translating synthesized netlist
INFO: [Netlist 29-17] Analyzing 54 Unisim elements for replacement
INFO: [Netlist 29-28] Unisim Transformation completed in 0 CPU seconds
INFO: [Project 1-570] Preparing netlist for logic optimization
INFO: [Opt 31-138] Pushed 0 inverter(s) to 0 load pin(s).
INFO: [Project 1-111] Unisim Transformation Summary:
No Unisim elements were transformed.

186 Infos, 139 Warnings, 8 Critical Warnings and 0 Errors encountered.
synth_design completed successfully
synth_design: Time (s): cpu = 00:00:26 ; elapsed = 00:00:27 . Memory (MB): peak = 753.176 ; gain = 440.211
INFO: [Common 17-1381] The checkpoint 'C:/ece532/nexys3_ise_gpio_uart/auto_parking/auto_parking.runs/design_1_PmodDHB1_0_1_synth_1/design_1_PmodDHB1_0_1.dcp' has been generated.
