#-----------------------------------------------------------
# Webtalk v2017.2 (64-bit)
# SW Build 1909853 on Thu Jun 15 18:39:09 MDT 2017
# 
# Start of session at: Fri Feb 23 19:05:31 2018
# Process ID: 16824
# Current directory: C:/ece532/nexys3_ise_gpio_uart/auto_parking/auto_parking.sdk/webtalk
# Command line: wbtcv.exe -mode batch -source sdk_webtalk.tcl
# Log file: C:/ece532/nexys3_ise_gpio_uart/auto_parking/auto_parking.sdk/webtalk/webtalk.log
# Journal file: C:/ece532/nexys3_ise_gpio_uart/auto_parking/auto_parking.sdk/webtalk\webtalk.jou
#-----------------------------------------------------------
source sdk_webtalk.tcl
# webtalk_init -webtalk_dir C:\\ece532\\nexys3_ise_gpio_uart\\auto_parking\\auto_parking.sdk\\webtalk
# webtalk_register_client -client project
# webtalk_add_data -client project -key date_generated -value "2018-02-23 19:05:31" -context "software_version_and_target_device"
# webtalk_add_data -client project -key product_version -value "SDK v2017.2" -context "software_version_and_target_device"
# webtalk_add_data -client project -key build_version -value "2017.2" -context "software_version_and_target_device"
# webtalk_add_data -client project -key os_platform -value "amd64" -context "software_version_and_target_device"
# webtalk_add_data -client project -key registration_id -value "" -context "software_version_and_target_device"
# webtalk_add_data -client project -key tool_flow -value "SDK" -context "software_version_and_target_device"
# webtalk_add_data -client project -key beta -value "false" -context "software_version_and_target_device"
# webtalk_add_data -client project -key route_design -value "NA" -context "software_version_and_target_device"
# webtalk_add_data -client project -key target_family -value "NA" -context "software_version_and_target_device"
# webtalk_add_data -client project -key target_device -value "NA" -context "software_version_and_target_device"
# webtalk_add_data -client project -key target_package -value "NA" -context "software_version_and_target_device"
# webtalk_add_data -client project -key target_speed -value "NA" -context "software_version_and_target_device"
# webtalk_add_data -client project -key random_id -value "qfe2au89bap7hag3nte9tvk07d" -context "software_version_and_target_device"
# webtalk_add_data -client project -key project_id -value "2017.2_11" -context "software_version_and_target_device"
# webtalk_add_data -client project -key project_iteration -value "11" -context "software_version_and_target_device"
# webtalk_add_data -client project -key os_name -value "Microsoft Windows 8 or later , 64-bit" -context "user_environment"
# webtalk_add_data -client project -key os_release -value "major release  (build 9200)" -context "user_environment"
# webtalk_add_data -client project -key cpu_name -value "Intel(R) Core(TM) i5-6600 CPU @ 3.30GHz" -context "user_environment"
# webtalk_add_data -client project -key cpu_speed -value "3312 MHz" -context "user_environment"
# webtalk_add_data -client project -key total_processors -value "1" -context "user_environment"
# webtalk_add_data -client project -key system_ram -value "17.000 GB" -context "user_environment"
# webtalk_register_client -client sdk
# webtalk_add_data -client sdk -key uid -value "1519424555788" -context "sdk\\\\bsp/1519424555788"
# webtalk_add_data -client sdk -key hwid -value "1519242371077" -context "sdk\\\\bsp/1519424555788"
# webtalk_add_data -client sdk -key os -value "standalone" -context "sdk\\\\bsp/1519424555788"
# webtalk_add_data -client sdk -key apptemplate -value "hello_world" -context "sdk\\\\bsp/1519424555788"
# webtalk_add_data -client sdk -key RecordType -value "BSPCreation" -context "sdk\\\\bsp/1519424555788"
# webtalk_add_data -client sdk -key uid -value "1519424556822" -context "sdk\\\\application/1519424556822"
# webtalk_add_data -client sdk -key hwid -value "1519242371077" -context "sdk\\\\application/1519424556822"
# webtalk_add_data -client sdk -key bspid -value "1519424555788" -context "sdk\\\\application/1519424556822"
# webtalk_add_data -client sdk -key newbsp -value "true" -context "sdk\\\\application/1519424556822"
# webtalk_add_data -client sdk -key os -value "standalone" -context "sdk\\\\application/1519424556822"
# webtalk_add_data -client sdk -key apptemplate -value "hello_world" -context "sdk\\\\application/1519424556822"
# webtalk_add_data -client sdk -key RecordType -value "APPCreation" -context "sdk\\\\application/1519424556822"
# webtalk_add_data -client sdk -key LangUsed -value "C" -context "sdk\\\\application/1519424556822"
# webtalk_add_data -client sdk -key Procused -value "microblaze" -context "sdk\\\\application/1519424556822"
# webtalk_add_data -client sdk -key projSize -value "169.890625" -context "sdk\\\\application/1519424556822"
# webtalk_add_data -client sdk -key uid -value "NA" -context "sdk\\\\bsp/1519430731221"
# webtalk_add_data -client sdk -key RecordType -value "ToolUsage" -context "sdk\\\\bsp/1519430731221"
# webtalk_add_data -client sdk -key BootgenCount -value "0" -context "sdk\\\\bsp/1519430731221"
# webtalk_add_data -client sdk -key DebugCount -value "0" -context "sdk\\\\bsp/1519430731221"
# webtalk_add_data -client sdk -key PerfCount -value "0" -context "sdk\\\\bsp/1519430731221"
# webtalk_add_data -client sdk -key FlashCount -value "0" -context "sdk\\\\bsp/1519430731221"
# webtalk_add_data -client sdk -key CrossTriggCount -value "0" -context "sdk\\\\bsp/1519430731221"
# webtalk_add_data -client sdk -key QemuDebugCount -value "0" -context "sdk\\\\bsp/1519430731221"
# webtalk_transmit -clientid 2698594519 -regid "" -xml C:\\ece532\\nexys3_ise_gpio_uart\\auto_parking\\auto_parking.sdk\\webtalk\\usage_statistics_ext_sdk.xml -html C:\\ece532\\nexys3_ise_gpio_uart\\auto_parking\\auto_parking.sdk\\webtalk\\usage_statistics_ext_sdk.html -wdm C:\\ece532\\nexys3_ise_gpio_uart\\auto_parking\\auto_parking.sdk\\webtalk\\sdk_webtalk.wdm -intro "<H3>SDK Usage Report</H3><BR>"
# webtalk_terminate
INFO: [Common 17-206] Exiting Webtalk at Fri Feb 23 19:05:33 2018...
